15:55:48.968 [background-preinit] DEBUG ########## o.h.v.m.ResourceBundleMessageInterpolator - Loaded expression factory via original TCCL
15:55:48.978 [background-preinit] DEBUG ########## o.h.v.i.engine.ValidatorFactoryImpl - HV000234: Using org.hibernate.validator.messageinterpolation.ResourceBundleMessageInterpolator as ValidatorFactory-scoped message interpolator.
15:55:48.978 [background-preinit] DEBUG ########## o.h.v.i.engine.ValidatorFactoryImpl - HV000234: Using org.hibernate.validator.internal.engine.resolver.TraverseAllTraversableResolver as ValidatorFactory-scoped traversable resolver.
15:55:48.978 [background-preinit] DEBUG ########## o.h.v.i.engine.ValidatorFactoryImpl - HV000234: Using org.hibernate.validator.internal.util.ExecutableParameterNameProvider as ValidatorFactory-scoped parameter name provider.
15:55:48.980 [background-preinit] DEBUG ########## o.h.v.i.engine.ValidatorFactoryImpl - HV000234: Using org.hibernate.validator.internal.engine.DefaultClockProvider as ValidatorFactory-scoped clock provider.
15:55:48.980 [background-preinit] DEBUG ########## o.h.v.i.engine.ValidatorFactoryImpl - HV000234: Using org.hibernate.validator.internal.engine.scripting.DefaultScriptEvaluatorFactory as ValidatorFactory-scoped script evaluator factory.
15:55:49.038 [restartedMain] INFO  ########## com.vedagram.Application - Starting Application on Winston with PID 21948 (D:\Britto\WS_NEW\vedagram\target\classes started by winst in D:\Britto\WS_NEW\vedagram)
15:55:49.039 [restartedMain] DEBUG ########## com.vedagram.Application - Running with Spring Boot v2.0.5.RELEASE, Spring v5.0.9.RELEASE
15:55:49.039 [restartedMain] INFO  ########## com.vedagram.Application - No active profile set, falling back to default profiles: default
15:55:50.795 [restartedMain] INFO  ########## o.a.coyote.http11.Http11NioProtocol - Initializing ProtocolHandler ["http-nio-8090"]
15:55:50.807 [restartedMain] INFO  ########## o.a.catalina.core.StandardService - Starting service [Tomcat]
15:55:50.807 [restartedMain] INFO  ########## o.a.catalina.core.StandardEngine - Starting Servlet Engine: Apache Tomcat/8.5.34
15:55:50.815 [localhost-startStop-1] INFO  ########## o.a.c.core.AprLifecycleListener - The APR based Apache Tomcat Native library which allows optimal performance in production environments was not found on the java.library.path: [C:\Program Files\Java\jdk1.8.0_331\bin;C:\Windows\Sun\Java\bin;C:\Windows\system32;C:\Windows;C:\Program Files\Java\jdk1.8.0_331\jre\bin;D:/Britto/SETUP/sts-4.18.1.RELEASE//plugins/org.eclipse.justj.openjdk.hotspot.jre.full.win32.x86_64_17.0.7.v20230425-1502/jre/bin/server;D:/Britto/SETUP/sts-4.18.1.RELEASE//plugins/org.eclipse.justj.openjdk.hotspot.jre.full.win32.x86_64_17.0.7.v20230425-1502/jre/bin;C:\Program Files (x86)\Common Files\Oracle\Java\javapath;C:\Windows\system32;C:\Windows;C:\Windows\System32\Wbem;C:\Windows\System32\WindowsPowerShell\v1.0\;C:\Windows\System32\OpenSSH\;C:\Program Files\dotnet\;C:\Program Files\nodejs\;C:\Program Files\Git\cmd;C:\Program Files\MySQL\MySQL Shell 8.0\bin\;C:\Users\winst\AppData\Local\Microsoft\WindowsApps;C:\Users\winst\AppData\Local\GitHubDesktop\bin;C:\Users\winst\AppData\Local\Programs\Microsoft VS Code\bin;C:\Users\winst\AppData\Roaming\npm;D:\Britto\SETUP\sts-4.18.1.RELEASE;;.]
15:55:51.026 [localhost-startStop-1] INFO  ########## org.apache.jasper.servlet.TldScanner - At least one JAR was scanned for TLDs yet contained no TLDs. Enable debug logging for this logger for a complete list of JARs that were scanned but no TLDs were found in them. Skipping unneeded JARs during scanning can improve startup time and JSP compilation time.
15:55:51.029 [localhost-startStop-1] INFO  ########## o.a.c.c.C.[Tomcat].[localhost].[/] - Initializing Spring embedded WebApplicationContext
15:55:53.225 [restartedMain] DEBUG ########## org.apache.commons.digester.Digester - register('-//Apache Software Foundation//DTD Tiles Configuration 3.0//EN', 'jar:file:/C:/Users/winst/.m2/repository/org/apache/tiles/tiles-core/3.0.5/tiles-core-3.0.5.jar!/org/apache/tiles/resources/tiles-config_3_0.dtd'
15:55:53.241 [restartedMain] INFO  ########## org.apache.tiles.access.TilesAccess - Publishing TilesContext for context: org.springframework.web.servlet.view.tiles3.SpringWildcardServletTilesApplicationContext
15:55:53.309 [restartedMain] DEBUG ########## o.h.v.i.e.r.TraversableResolvers - Cannot find javax.persistence.Persistence on classpath. Assuming non JPA 2 environment. All properties will per default be traversable.
15:55:53.310 [restartedMain] DEBUG ########## o.h.v.m.ResourceBundleMessageInterpolator - Loaded expression factory via original TCCL
15:55:53.314 [restartedMain] DEBUG ########## o.h.v.i.e.r.TraversableResolvers - Cannot find javax.persistence.Persistence on classpath. Assuming non JPA 2 environment. All properties will per default be traversable.
15:55:53.315 [restartedMain] DEBUG ########## o.h.v.i.engine.ConfigurationImpl - Setting custom MessageInterpolator of type org.springframework.validation.beanvalidation.LocaleContextMessageInterpolator
15:55:53.316 [restartedMain] DEBUG ########## o.h.v.i.engine.ConfigurationImpl - Setting custom ConstraintValidatorFactory of type org.springframework.validation.beanvalidation.SpringConstraintValidatorFactory
15:55:53.316 [restartedMain] DEBUG ########## o.h.v.i.engine.ConfigurationImpl - Setting custom ParameterNameProvider of type org.springframework.validation.beanvalidation.LocalValidatorFactoryBean$1
15:55:53.317 [restartedMain] DEBUG ########## o.h.v.i.x.config.ValidationXmlParser - Trying to load META-INF/validation.xml for XML based Validator configuration.
15:55:53.317 [restartedMain] DEBUG ########## o.h.v.i.x.c.ResourceLoaderHelper - Trying to load META-INF/validation.xml via user class loader
15:55:53.317 [restartedMain] DEBUG ########## o.h.v.i.x.c.ResourceLoaderHelper - Trying to load META-INF/validation.xml via TCCL
15:55:53.318 [restartedMain] DEBUG ########## o.h.v.i.x.c.ResourceLoaderHelper - Trying to load META-INF/validation.xml via Hibernate Validator's class loader
15:55:53.318 [restartedMain] DEBUG ########## o.h.v.i.x.config.ValidationXmlParser - No META-INF/validation.xml found. Using annotation based configuration only.
15:55:53.320 [restartedMain] DEBUG ########## o.h.v.i.engine.ValidatorFactoryImpl - HV000234: Using org.springframework.validation.beanvalidation.LocaleContextMessageInterpolator as ValidatorFactory-scoped message interpolator.
15:55:53.321 [restartedMain] DEBUG ########## o.h.v.i.engine.ValidatorFactoryImpl - HV000234: Using org.hibernate.validator.internal.engine.resolver.TraverseAllTraversableResolver as ValidatorFactory-scoped traversable resolver.
15:55:53.321 [restartedMain] DEBUG ########## o.h.v.i.engine.ValidatorFactoryImpl - HV000234: Using org.hibernate.validator.internal.util.ExecutableParameterNameProvider as ValidatorFactory-scoped parameter name provider.
15:55:53.321 [restartedMain] DEBUG ########## o.h.v.i.engine.ValidatorFactoryImpl - HV000234: Using org.hibernate.validator.internal.engine.DefaultClockProvider as ValidatorFactory-scoped clock provider.
15:55:53.321 [restartedMain] DEBUG ########## o.h.v.i.engine.ValidatorFactoryImpl - HV000234: Using org.hibernate.validator.internal.engine.scripting.DefaultScriptEvaluatorFactory as ValidatorFactory-scoped script evaluator factory.
15:55:54.537 [restartedMain] INFO  ########## o.a.coyote.http11.Http11NioProtocol - Starting ProtocolHandler ["http-nio-8090"]
15:55:54.545 [restartedMain] INFO  ########## o.a.tomcat.util.net.NioSelectorPool - Using a shared selector for servlet write/read
15:55:54.568 [restartedMain] INFO  ########## com.vedagram.Application - Started Application in 5.884 seconds (JVM running for 6.865)
15:55:55.763 [RMI TCP Connection(3)-127.0.0.1] INFO  ########## o.a.c.c.C.[Tomcat].[localhost].[/] - Initializing Spring FrameworkServlet 'dispatcherServlet'
15:56:09.460 [http-nio-8090-exec-1] DEBUG ########## c.v.config.JwtAuthenticationFilter - External system API -->X-Yelo-Token
15:56:10.421 [http-nio-8090-exec-2] DEBUG ########## c.v.config.JwtAuthenticationFilter - External system API -->X-Yelo-Token
15:56:24.351 [http-nio-8090-exec-6] DEBUG ########## c.v.config.JwtAuthenticationFilter - External system API -->X-Yelo-Token
15:56:24.624 [http-nio-8090-exec-5] DEBUG ########## c.v.config.JwtAuthenticationFilter - External system API -->X-Yelo-Token
15:56:31.145 [http-nio-8090-exec-9] DEBUG ########## c.v.config.JwtAuthenticationFilter - External system API -->X-Yelo-Token
15:56:31.409 [http-nio-8090-exec-10] DEBUG ########## c.v.config.JwtAuthenticationFilter - External system API -->X-Yelo-Token
15:56:35.267 [http-nio-8090-exec-1] DEBUG ########## c.v.config.JwtAuthenticationFilter - External system API -->X-Yelo-Token
15:56:35.652 [http-nio-8090-exec-2] DEBUG ########## c.v.config.JwtAuthenticationFilter - External system API -->X-Yelo-Token
15:56:36.648 [http-nio-8090-exec-7] DEBUG ########## c.v.config.JwtAuthenticationFilter - External system API -->X-Yelo-Token
15:56:38.045 [http-nio-8090-exec-5] DEBUG ########## c.v.config.JwtAuthenticationFilter - User ID -->6311c3fefbdafaae0200e1ce,7550107212
15:56:40.057 [http-nio-8090-exec-4] DEBUG ########## c.v.config.JwtAuthenticationFilter - External system API -->X-Yelo-Token
15:56:57.184 [http-nio-8090-exec-10] DEBUG ########## c.v.config.JwtAuthenticationFilter - External system API -->X-Yelo-Token
15:57:05.087 [http-nio-8090-exec-3] DEBUG ########## c.v.config.JwtAuthenticationFilter - User ID -->6311c3fefbdafaae0200e1ce,7550107212
15:57:06.279 [http-nio-8090-exec-7] DEBUG ########## c.v.config.JwtAuthenticationFilter - External system API -->X-Yelo-Token
15:58:09.061 [http-nio-8090-exec-8] DEBUG ########## c.v.config.JwtAuthenticationFilter - User ID -->6311c3fefbdafaae0200e1ce,7550107212
15:58:09.164 [http-nio-8090-exec-8] DEBUG ####com.vedagram.config.PrincipalDetails@2f721dbd###9bb4f2f476fc4e9c8f236c675c488348### o.a.h.c.protocol.RequestAddCookies - CookieSpec selected: default
15:58:09.172 [http-nio-8090-exec-8] DEBUG ####com.vedagram.config.PrincipalDetails@2f721dbd###9bb4f2f476fc4e9c8f236c675c488348### o.a.h.c.protocol.RequestAuthCache - Auth cache not set in the context
15:58:09.173 [http-nio-8090-exec-8] DEBUG ####com.vedagram.config.PrincipalDetails@2f721dbd###9bb4f2f476fc4e9c8f236c675c488348### o.a.h.i.c.PoolingHttpClientConnectionManager - Connection request: [route: {s}->https://groupnpay.com:443][total kept alive: 0; route allocated: 0 of 2; total allocated: 0 of 20]
15:58:09.187 [http-nio-8090-exec-8] DEBUG ####com.vedagram.config.PrincipalDetails@2f721dbd###9bb4f2f476fc4e9c8f236c675c488348### o.a.h.i.c.PoolingHttpClientConnectionManager - Connection leased: [id: 0][route: {s}->https://groupnpay.com:443][total kept alive: 0; route allocated: 1 of 2; total allocated: 1 of 20]
15:58:09.189 [http-nio-8090-exec-8] DEBUG ####com.vedagram.config.PrincipalDetails@2f721dbd###9bb4f2f476fc4e9c8f236c675c488348### o.a.h.impl.execchain.MainClientExec - Opening connection {s}->https://groupnpay.com:443
15:58:09.236 [http-nio-8090-exec-8] DEBUG ####com.vedagram.config.PrincipalDetails@2f721dbd###9bb4f2f476fc4e9c8f236c675c488348### o.a.h.i.c.DefaultHttpClientConnectionOperator - Connecting to groupnpay.com/142.93.221.190:443
15:58:09.238 [http-nio-8090-exec-8] DEBUG ####com.vedagram.config.PrincipalDetails@2f721dbd###9bb4f2f476fc4e9c8f236c675c488348### o.a.h.c.s.SSLConnectionSocketFactory - Connecting socket to groupnpay.com/142.93.221.190:443 with timeout 0
15:58:09.312 [http-nio-8090-exec-8] DEBUG ####com.vedagram.config.PrincipalDetails@2f721dbd###9bb4f2f476fc4e9c8f236c675c488348### o.a.h.c.s.SSLConnectionSocketFactory - Enabled protocols: [TLSv1.2]
15:58:09.312 [http-nio-8090-exec-8] DEBUG ####com.vedagram.config.PrincipalDetails@2f721dbd###9bb4f2f476fc4e9c8f236c675c488348### o.a.h.c.s.SSLConnectionSocketFactory - Enabled cipher suites:[TLS_ECDHE_ECDSA_WITH_AES_256_GCM_SHA384, TLS_ECDHE_ECDSA_WITH_AES_128_GCM_SHA256, TLS_ECDHE_RSA_WITH_AES_256_GCM_SHA384, TLS_ECDHE_RSA_WITH_AES_128_GCM_SHA256, TLS_DHE_RSA_WITH_AES_256_GCM_SHA384, TLS_DHE_DSS_WITH_AES_256_GCM_SHA384, TLS_DHE_RSA_WITH_AES_128_GCM_SHA256, TLS_DHE_DSS_WITH_AES_128_GCM_SHA256, TLS_ECDHE_ECDSA_WITH_AES_256_CBC_SHA384, TLS_ECDHE_RSA_WITH_AES_256_CBC_SHA384, TLS_ECDHE_ECDSA_WITH_AES_128_CBC_SHA256, TLS_ECDHE_RSA_WITH_AES_128_CBC_SHA256, TLS_DHE_RSA_WITH_AES_256_CBC_SHA256, TLS_DHE_DSS_WITH_AES_256_CBC_SHA256, TLS_DHE_RSA_WITH_AES_128_CBC_SHA256, TLS_DHE_DSS_WITH_AES_128_CBC_SHA256, TLS_ECDH_ECDSA_WITH_AES_256_GCM_SHA384, TLS_ECDH_RSA_WITH_AES_256_GCM_SHA384, TLS_ECDH_ECDSA_WITH_AES_128_GCM_SHA256, TLS_ECDH_RSA_WITH_AES_128_GCM_SHA256, TLS_ECDH_ECDSA_WITH_AES_256_CBC_SHA384, TLS_ECDH_RSA_WITH_AES_256_CBC_SHA384, TLS_ECDH_ECDSA_WITH_AES_128_CBC_SHA256, TLS_ECDH_RSA_WITH_AES_128_CBC_SHA256, TLS_ECDHE_ECDSA_WITH_AES_256_CBC_SHA, TLS_ECDHE_RSA_WITH_AES_256_CBC_SHA, TLS_ECDHE_ECDSA_WITH_AES_128_CBC_SHA, TLS_ECDHE_RSA_WITH_AES_128_CBC_SHA, TLS_DHE_RSA_WITH_AES_256_CBC_SHA, TLS_DHE_DSS_WITH_AES_256_CBC_SHA, TLS_DHE_RSA_WITH_AES_128_CBC_SHA, TLS_DHE_DSS_WITH_AES_128_CBC_SHA, TLS_ECDH_ECDSA_WITH_AES_256_CBC_SHA, TLS_ECDH_RSA_WITH_AES_256_CBC_SHA, TLS_ECDH_ECDSA_WITH_AES_128_CBC_SHA, TLS_ECDH_RSA_WITH_AES_128_CBC_SHA, TLS_RSA_WITH_AES_256_GCM_SHA384, TLS_RSA_WITH_AES_128_GCM_SHA256, TLS_RSA_WITH_AES_256_CBC_SHA256, TLS_RSA_WITH_AES_128_CBC_SHA256, TLS_RSA_WITH_AES_256_CBC_SHA, TLS_RSA_WITH_AES_128_CBC_SHA, TLS_EMPTY_RENEGOTIATION_INFO_SCSV]
15:58:09.313 [http-nio-8090-exec-8] DEBUG ####com.vedagram.config.PrincipalDetails@2f721dbd###9bb4f2f476fc4e9c8f236c675c488348### o.a.h.c.s.SSLConnectionSocketFactory - Starting handshake
15:58:09.553 [http-nio-8090-exec-8] DEBUG ####com.vedagram.config.PrincipalDetails@2f721dbd###9bb4f2f476fc4e9c8f236c675c488348### o.a.h.c.s.SSLConnectionSocketFactory - Secure session established
15:58:09.554 [http-nio-8090-exec-8] DEBUG ####com.vedagram.config.PrincipalDetails@2f721dbd###9bb4f2f476fc4e9c8f236c675c488348### o.a.h.c.s.SSLConnectionSocketFactory -  negotiated protocol: TLSv1.2
15:58:09.555 [http-nio-8090-exec-8] DEBUG ####com.vedagram.config.PrincipalDetails@2f721dbd###9bb4f2f476fc4e9c8f236c675c488348### o.a.h.c.s.SSLConnectionSocketFactory -  negotiated cipher suite: TLS_ECDHE_RSA_WITH_AES_256_GCM_SHA384
15:58:09.556 [http-nio-8090-exec-8] DEBUG ####com.vedagram.config.PrincipalDetails@2f721dbd###9bb4f2f476fc4e9c8f236c675c488348### o.a.h.c.s.SSLConnectionSocketFactory -  peer principal: CN=groupnpay.com
15:58:09.557 [http-nio-8090-exec-8] DEBUG ####com.vedagram.config.PrincipalDetails@2f721dbd###9bb4f2f476fc4e9c8f236c675c488348### o.a.h.c.s.SSLConnectionSocketFactory -  peer alternative names: [groupnpay.com, www.groupnpay.com]
15:58:09.557 [http-nio-8090-exec-8] DEBUG ####com.vedagram.config.PrincipalDetails@2f721dbd###9bb4f2f476fc4e9c8f236c675c488348### o.a.h.c.s.SSLConnectionSocketFactory -  issuer principal: CN=R3, O=Let's Encrypt, C=US
15:58:09.563 [http-nio-8090-exec-8] DEBUG ####com.vedagram.config.PrincipalDetails@2f721dbd###9bb4f2f476fc4e9c8f236c675c488348### o.a.h.i.c.DefaultHttpClientConnectionOperator - Connection established 192.168.2.68:51242<->142.93.221.190:443
15:58:09.564 [http-nio-8090-exec-8] DEBUG ####com.vedagram.config.PrincipalDetails@2f721dbd###9bb4f2f476fc4e9c8f236c675c488348### o.a.h.impl.execchain.MainClientExec - Executing request POST /vedagram_pd/api/v1/getRates HTTP/1.1
15:58:09.564 [http-nio-8090-exec-8] DEBUG ####com.vedagram.config.PrincipalDetails@2f721dbd###9bb4f2f476fc4e9c8f236c675c488348### o.a.h.impl.execchain.MainClientExec - Proxy auth state: UNCHALLENGED
15:58:09.566 [http-nio-8090-exec-8] DEBUG ####com.vedagram.config.PrincipalDetails@2f721dbd###9bb4f2f476fc4e9c8f236c675c488348### org.apache.http.headers - http-outgoing-0 >> POST /vedagram_pd/api/v1/getRates HTTP/1.1
15:58:09.566 [http-nio-8090-exec-8] DEBUG ####com.vedagram.config.PrincipalDetails@2f721dbd###9bb4f2f476fc4e9c8f236c675c488348### org.apache.http.headers - http-outgoing-0 >> Content-Type: application/json
15:58:09.567 [http-nio-8090-exec-8] DEBUG ####com.vedagram.config.PrincipalDetails@2f721dbd###9bb4f2f476fc4e9c8f236c675c488348### org.apache.http.headers - http-outgoing-0 >> Authorization: Bearer eyJhbGciOiJIUzI1NiJ9.eyJzdWIiOiI0NDI0NjE1MDQ5IiwibW9iaWxlTnVtYmVyIjoiNDQyNDYxNTA0OSIsInVzZXJJRCI6IjVkZjBjZGM3MGE5NzVhMjU0NWYyZDRhZSIsInJvbGUiOiJST0xFX1VTRVIiLCJpYXQiOjE1NzYwNjI2MzV9.eB8uiuyzC5HMthGuHfdCdVbKqusHWNDn_C_JMa_0x8E
15:58:09.567 [http-nio-8090-exec-8] DEBUG ####com.vedagram.config.PrincipalDetails@2f721dbd###9bb4f2f476fc4e9c8f236c675c488348### org.apache.http.headers - http-outgoing-0 >> Content-Length: 175
15:58:09.568 [http-nio-8090-exec-8] DEBUG ####com.vedagram.config.PrincipalDetails@2f721dbd###9bb4f2f476fc4e9c8f236c675c488348### org.apache.http.headers - http-outgoing-0 >> Host: groupnpay.com
15:58:09.568 [http-nio-8090-exec-8] DEBUG ####com.vedagram.config.PrincipalDetails@2f721dbd###9bb4f2f476fc4e9c8f236c675c488348### org.apache.http.headers - http-outgoing-0 >> Connection: Keep-Alive
15:58:09.568 [http-nio-8090-exec-8] DEBUG ####com.vedagram.config.PrincipalDetails@2f721dbd###9bb4f2f476fc4e9c8f236c675c488348### org.apache.http.headers - http-outgoing-0 >> User-Agent: Apache-HttpClient/4.5.2 (Java/1.8.0_331)
15:58:09.568 [http-nio-8090-exec-8] DEBUG ####com.vedagram.config.PrincipalDetails@2f721dbd###9bb4f2f476fc4e9c8f236c675c488348### org.apache.http.headers - http-outgoing-0 >> Accept-Encoding: gzip,deflate
15:58:09.568 [http-nio-8090-exec-8] DEBUG ####com.vedagram.config.PrincipalDetails@2f721dbd###9bb4f2f476fc4e9c8f236c675c488348### org.apache.http.wire - http-outgoing-0 >> "POST /vedagram_pd/api/v1/getRates HTTP/1.1[\r][\n]"
15:58:09.569 [http-nio-8090-exec-8] DEBUG ####com.vedagram.config.PrincipalDetails@2f721dbd###9bb4f2f476fc4e9c8f236c675c488348### org.apache.http.wire - http-outgoing-0 >> "Content-Type: application/json[\r][\n]"
15:58:09.569 [http-nio-8090-exec-8] DEBUG ####com.vedagram.config.PrincipalDetails@2f721dbd###9bb4f2f476fc4e9c8f236c675c488348### org.apache.http.wire - http-outgoing-0 >> "Authorization: Bearer eyJhbGciOiJIUzI1NiJ9.eyJzdWIiOiI0NDI0NjE1MDQ5IiwibW9iaWxlTnVtYmVyIjoiNDQyNDYxNTA0OSIsInVzZXJJRCI6IjVkZjBjZGM3MGE5NzVhMjU0NWYyZDRhZSIsInJvbGUiOiJST0xFX1VTRVIiLCJpYXQiOjE1NzYwNjI2MzV9.eB8uiuyzC5HMthGuHfdCdVbKqusHWNDn_C_JMa_0x8E[\r][\n]"
15:58:09.569 [http-nio-8090-exec-8] DEBUG ####com.vedagram.config.PrincipalDetails@2f721dbd###9bb4f2f476fc4e9c8f236c675c488348### org.apache.http.wire - http-outgoing-0 >> "Content-Length: 175[\r][\n]"
15:58:09.569 [http-nio-8090-exec-8] DEBUG ####com.vedagram.config.PrincipalDetails@2f721dbd###9bb4f2f476fc4e9c8f236c675c488348### org.apache.http.wire - http-outgoing-0 >> "Host: groupnpay.com[\r][\n]"
15:58:09.569 [http-nio-8090-exec-8] DEBUG ####com.vedagram.config.PrincipalDetails@2f721dbd###9bb4f2f476fc4e9c8f236c675c488348### org.apache.http.wire - http-outgoing-0 >> "Connection: Keep-Alive[\r][\n]"
15:58:09.570 [http-nio-8090-exec-8] DEBUG ####com.vedagram.config.PrincipalDetails@2f721dbd###9bb4f2f476fc4e9c8f236c675c488348### org.apache.http.wire - http-outgoing-0 >> "User-Agent: Apache-HttpClient/4.5.2 (Java/1.8.0_331)[\r][\n]"
15:58:09.570 [http-nio-8090-exec-8] DEBUG ####com.vedagram.config.PrincipalDetails@2f721dbd###9bb4f2f476fc4e9c8f236c675c488348### org.apache.http.wire - http-outgoing-0 >> "Accept-Encoding: gzip,deflate[\r][\n]"
15:58:09.570 [http-nio-8090-exec-8] DEBUG ####com.vedagram.config.PrincipalDetails@2f721dbd###9bb4f2f476fc4e9c8f236c675c488348### org.apache.http.wire - http-outgoing-0 >> "[\r][\n]"
15:58:09.570 [http-nio-8090-exec-8] DEBUG ####com.vedagram.config.PrincipalDetails@2f721dbd###9bb4f2f476fc4e9c8f236c675c488348### org.apache.http.wire - http-outgoing-0 >> "{"packagePickupAddress":"no 5, rajamannar salai, chennai,600078","recieverAddress":"Palani Andavar Koil St, Vadapalani, Chennai,600026","weight":"1","merchantName":"VEDAGRAM"}"
15:58:10.080 [http-nio-8090-exec-8] DEBUG ####com.vedagram.config.PrincipalDetails@2f721dbd###9bb4f2f476fc4e9c8f236c675c488348### org.apache.http.wire - http-outgoing-0 << "HTTP/1.1 200 [\r][\n]"
15:58:10.080 [http-nio-8090-exec-8] DEBUG ####com.vedagram.config.PrincipalDetails@2f721dbd###9bb4f2f476fc4e9c8f236c675c488348### org.apache.http.wire - http-outgoing-0 << "Server: nginx/1.18.0 (Ubuntu)[\r][\n]"
15:58:10.081 [http-nio-8090-exec-8] DEBUG ####com.vedagram.config.PrincipalDetails@2f721dbd###9bb4f2f476fc4e9c8f236c675c488348### org.apache.http.wire - http-outgoing-0 << "Date: Thu, 27 Jul 2023 10:28:11 GMT[\r][\n]"
15:58:10.081 [http-nio-8090-exec-8] DEBUG ####com.vedagram.config.PrincipalDetails@2f721dbd###9bb4f2f476fc4e9c8f236c675c488348### org.apache.http.wire - http-outgoing-0 << "Content-Type: application/json;charset=UTF-8[\r][\n]"
15:58:10.081 [http-nio-8090-exec-8] DEBUG ####com.vedagram.config.PrincipalDetails@2f721dbd###9bb4f2f476fc4e9c8f236c675c488348### org.apache.http.wire - http-outgoing-0 << "Transfer-Encoding: chunked[\r][\n]"
15:58:10.081 [http-nio-8090-exec-8] DEBUG ####com.vedagram.config.PrincipalDetails@2f721dbd###9bb4f2f476fc4e9c8f236c675c488348### org.apache.http.wire - http-outgoing-0 << "Connection: keep-alive[\r][\n]"
15:58:10.082 [http-nio-8090-exec-8] DEBUG ####com.vedagram.config.PrincipalDetails@2f721dbd###9bb4f2f476fc4e9c8f236c675c488348### org.apache.http.wire - http-outgoing-0 << "Set-Cookie: JSESSIONID=47A73EE6135407C15EF66CE67FD2BE1E; Path=/vedagram_pd; HttpOnly[\r][\n]"
15:58:10.082 [http-nio-8090-exec-8] DEBUG ####com.vedagram.config.PrincipalDetails@2f721dbd###9bb4f2f476fc4e9c8f236c675c488348### org.apache.http.wire - http-outgoing-0 << "X-Content-Type-Options: nosniff[\r][\n]"
15:58:10.083 [http-nio-8090-exec-8] DEBUG ####com.vedagram.config.PrincipalDetails@2f721dbd###9bb4f2f476fc4e9c8f236c675c488348### org.apache.http.wire - http-outgoing-0 << "X-XSS-Protection: 1; mode=block[\r][\n]"
15:58:10.083 [http-nio-8090-exec-8] DEBUG ####com.vedagram.config.PrincipalDetails@2f721dbd###9bb4f2f476fc4e9c8f236c675c488348### org.apache.http.wire - http-outgoing-0 << "Cache-Control: no-cache, no-store, max-age=0, must-revalidate[\r][\n]"
15:58:10.084 [http-nio-8090-exec-8] DEBUG ####com.vedagram.config.PrincipalDetails@2f721dbd###9bb4f2f476fc4e9c8f236c675c488348### org.apache.http.wire - http-outgoing-0 << "Pragma: no-cache[\r][\n]"
15:58:10.084 [http-nio-8090-exec-8] DEBUG ####com.vedagram.config.PrincipalDetails@2f721dbd###9bb4f2f476fc4e9c8f236c675c488348### org.apache.http.wire - http-outgoing-0 << "Expires: 0[\r][\n]"
15:58:10.084 [http-nio-8090-exec-8] DEBUG ####com.vedagram.config.PrincipalDetails@2f721dbd###9bb4f2f476fc4e9c8f236c675c488348### org.apache.http.wire - http-outgoing-0 << "X-Frame-Options: DENY[\r][\n]"
15:58:10.085 [http-nio-8090-exec-8] DEBUG ####com.vedagram.config.PrincipalDetails@2f721dbd###9bb4f2f476fc4e9c8f236c675c488348### org.apache.http.wire - http-outgoing-0 << "[\r][\n]"
15:58:10.085 [http-nio-8090-exec-8] DEBUG ####com.vedagram.config.PrincipalDetails@2f721dbd###9bb4f2f476fc4e9c8f236c675c488348### org.apache.http.wire - http-outgoing-0 << "31[\r][\n]"
15:58:10.085 [http-nio-8090-exec-8] DEBUG ####com.vedagram.config.PrincipalDetails@2f721dbd###9bb4f2f476fc4e9c8f236c675c488348### org.apache.http.wire - http-outgoing-0 << "{"packageStatus":"SUCCESS","deliveryCharge":55.0}[\r][\n]"
15:58:10.085 [http-nio-8090-exec-8] DEBUG ####com.vedagram.config.PrincipalDetails@2f721dbd###9bb4f2f476fc4e9c8f236c675c488348### org.apache.http.wire - http-outgoing-0 << "0[\r][\n]"
15:58:10.085 [http-nio-8090-exec-8] DEBUG ####com.vedagram.config.PrincipalDetails@2f721dbd###9bb4f2f476fc4e9c8f236c675c488348### org.apache.http.wire - http-outgoing-0 << "[\r][\n]"
15:58:10.088 [http-nio-8090-exec-8] DEBUG ####com.vedagram.config.PrincipalDetails@2f721dbd###9bb4f2f476fc4e9c8f236c675c488348### org.apache.http.headers - http-outgoing-0 << HTTP/1.1 200 
15:58:10.089 [http-nio-8090-exec-8] DEBUG ####com.vedagram.config.PrincipalDetails@2f721dbd###9bb4f2f476fc4e9c8f236c675c488348### org.apache.http.headers - http-outgoing-0 << Server: nginx/1.18.0 (Ubuntu)
15:58:10.089 [http-nio-8090-exec-8] DEBUG ####com.vedagram.config.PrincipalDetails@2f721dbd###9bb4f2f476fc4e9c8f236c675c488348### org.apache.http.headers - http-outgoing-0 << Date: Thu, 27 Jul 2023 10:28:11 GMT
15:58:10.089 [http-nio-8090-exec-8] DEBUG ####com.vedagram.config.PrincipalDetails@2f721dbd###9bb4f2f476fc4e9c8f236c675c488348### org.apache.http.headers - http-outgoing-0 << Content-Type: application/json;charset=UTF-8
15:58:10.089 [http-nio-8090-exec-8] DEBUG ####com.vedagram.config.PrincipalDetails@2f721dbd###9bb4f2f476fc4e9c8f236c675c488348### org.apache.http.headers - http-outgoing-0 << Transfer-Encoding: chunked
15:58:10.089 [http-nio-8090-exec-8] DEBUG ####com.vedagram.config.PrincipalDetails@2f721dbd###9bb4f2f476fc4e9c8f236c675c488348### org.apache.http.headers - http-outgoing-0 << Connection: keep-alive
15:58:10.090 [http-nio-8090-exec-8] DEBUG ####com.vedagram.config.PrincipalDetails@2f721dbd###9bb4f2f476fc4e9c8f236c675c488348### org.apache.http.headers - http-outgoing-0 << Set-Cookie: JSESSIONID=47A73EE6135407C15EF66CE67FD2BE1E; Path=/vedagram_pd; HttpOnly
15:58:10.090 [http-nio-8090-exec-8] DEBUG ####com.vedagram.config.PrincipalDetails@2f721dbd###9bb4f2f476fc4e9c8f236c675c488348### org.apache.http.headers - http-outgoing-0 << X-Content-Type-Options: nosniff
15:58:10.090 [http-nio-8090-exec-8] DEBUG ####com.vedagram.config.PrincipalDetails@2f721dbd###9bb4f2f476fc4e9c8f236c675c488348### org.apache.http.headers - http-outgoing-0 << X-XSS-Protection: 1; mode=block
15:58:10.090 [http-nio-8090-exec-8] DEBUG ####com.vedagram.config.PrincipalDetails@2f721dbd###9bb4f2f476fc4e9c8f236c675c488348### org.apache.http.headers - http-outgoing-0 << Cache-Control: no-cache, no-store, max-age=0, must-revalidate
15:58:10.090 [http-nio-8090-exec-8] DEBUG ####com.vedagram.config.PrincipalDetails@2f721dbd###9bb4f2f476fc4e9c8f236c675c488348### org.apache.http.headers - http-outgoing-0 << Pragma: no-cache
15:58:10.091 [http-nio-8090-exec-8] DEBUG ####com.vedagram.config.PrincipalDetails@2f721dbd###9bb4f2f476fc4e9c8f236c675c488348### org.apache.http.headers - http-outgoing-0 << Expires: 0
15:58:10.091 [http-nio-8090-exec-8] DEBUG ####com.vedagram.config.PrincipalDetails@2f721dbd###9bb4f2f476fc4e9c8f236c675c488348### org.apache.http.headers - http-outgoing-0 << X-Frame-Options: DENY
15:58:10.095 [http-nio-8090-exec-8] DEBUG ####com.vedagram.config.PrincipalDetails@2f721dbd###9bb4f2f476fc4e9c8f236c675c488348### o.a.h.impl.execchain.MainClientExec - Connection can be kept alive indefinitely
15:58:10.098 [http-nio-8090-exec-8] DEBUG ####com.vedagram.config.PrincipalDetails@2f721dbd###9bb4f2f476fc4e9c8f236c675c488348### o.a.h.c.p.ResponseProcessCookies - Cookie accepted [JSESSIONID="47A73EE6135407C15EF66CE67FD2BE1E", version:0, domain:groupnpay.com, path:/vedagram_pd, expiry:null]
15:58:10.099 [http-nio-8090-exec-8] DEBUG ####com.vedagram.config.PrincipalDetails@2f721dbd###9bb4f2f476fc4e9c8f236c675c488348### o.a.h.i.c.PoolingHttpClientConnectionManager - Connection [id: 0][route: {s}->https://groupnpay.com:443] can be kept alive indefinitely
15:58:10.099 [http-nio-8090-exec-8] DEBUG ####com.vedagram.config.PrincipalDetails@2f721dbd###9bb4f2f476fc4e9c8f236c675c488348### o.a.h.i.c.PoolingHttpClientConnectionManager - Connection released: [id: 0][route: {s}->https://groupnpay.com:443][total kept alive: 1; route allocated: 1 of 2; total allocated: 1 of 20]
15:58:10.100 [http-nio-8090-exec-8] DEBUG ####com.vedagram.config.PrincipalDetails@2f721dbd###9bb4f2f476fc4e9c8f236c675c488348### o.a.h.impl.execchain.MainClientExec - Cancelling request execution
15:58:10.104 [http-nio-8090-exec-8] DEBUG ####com.vedagram.config.PrincipalDetails@2f721dbd###9bb4f2f476fc4e9c8f236c675c488348### o.a.h.c.protocol.RequestAddCookies - CookieSpec selected: default
15:58:10.104 [http-nio-8090-exec-8] DEBUG ####com.vedagram.config.PrincipalDetails@2f721dbd###9bb4f2f476fc4e9c8f236c675c488348### o.a.h.c.protocol.RequestAuthCache - Auth cache not set in the context
15:58:10.105 [http-nio-8090-exec-8] DEBUG ####com.vedagram.config.PrincipalDetails@2f721dbd###9bb4f2f476fc4e9c8f236c675c488348### o.a.h.i.c.PoolingHttpClientConnectionManager - Connection request: [route: {s}->https://groupnpay.com:443][total kept alive: 0; route allocated: 0 of 2; total allocated: 0 of 20]
15:58:10.105 [http-nio-8090-exec-8] DEBUG ####com.vedagram.config.PrincipalDetails@2f721dbd###9bb4f2f476fc4e9c8f236c675c488348### o.a.h.i.c.PoolingHttpClientConnectionManager - Connection leased: [id: 1][route: {s}->https://groupnpay.com:443][total kept alive: 0; route allocated: 1 of 2; total allocated: 1 of 20]
15:58:10.105 [http-nio-8090-exec-8] DEBUG ####com.vedagram.config.PrincipalDetails@2f721dbd###9bb4f2f476fc4e9c8f236c675c488348### o.a.h.impl.execchain.MainClientExec - Opening connection {s}->https://groupnpay.com:443
15:58:10.106 [http-nio-8090-exec-8] DEBUG ####com.vedagram.config.PrincipalDetails@2f721dbd###9bb4f2f476fc4e9c8f236c675c488348### o.a.h.i.c.DefaultHttpClientConnectionOperator - Connecting to groupnpay.com/142.93.221.190:443
15:58:10.106 [http-nio-8090-exec-8] DEBUG ####com.vedagram.config.PrincipalDetails@2f721dbd###9bb4f2f476fc4e9c8f236c675c488348### o.a.h.c.s.SSLConnectionSocketFactory - Connecting socket to groupnpay.com/142.93.221.190:443 with timeout 0
15:58:10.168 [http-nio-8090-exec-8] DEBUG ####com.vedagram.config.PrincipalDetails@2f721dbd###9bb4f2f476fc4e9c8f236c675c488348### o.a.h.c.s.SSLConnectionSocketFactory - Enabled protocols: [TLSv1.2]
15:58:10.168 [http-nio-8090-exec-8] DEBUG ####com.vedagram.config.PrincipalDetails@2f721dbd###9bb4f2f476fc4e9c8f236c675c488348### o.a.h.c.s.SSLConnectionSocketFactory - Enabled cipher suites:[TLS_ECDHE_ECDSA_WITH_AES_256_GCM_SHA384, TLS_ECDHE_ECDSA_WITH_AES_128_GCM_SHA256, TLS_ECDHE_RSA_WITH_AES_256_GCM_SHA384, TLS_ECDHE_RSA_WITH_AES_128_GCM_SHA256, TLS_DHE_RSA_WITH_AES_256_GCM_SHA384, TLS_DHE_DSS_WITH_AES_256_GCM_SHA384, TLS_DHE_RSA_WITH_AES_128_GCM_SHA256, TLS_DHE_DSS_WITH_AES_128_GCM_SHA256, TLS_ECDHE_ECDSA_WITH_AES_256_CBC_SHA384, TLS_ECDHE_RSA_WITH_AES_256_CBC_SHA384, TLS_ECDHE_ECDSA_WITH_AES_128_CBC_SHA256, TLS_ECDHE_RSA_WITH_AES_128_CBC_SHA256, TLS_DHE_RSA_WITH_AES_256_CBC_SHA256, TLS_DHE_DSS_WITH_AES_256_CBC_SHA256, TLS_DHE_RSA_WITH_AES_128_CBC_SHA256, TLS_DHE_DSS_WITH_AES_128_CBC_SHA256, TLS_ECDH_ECDSA_WITH_AES_256_GCM_SHA384, TLS_ECDH_RSA_WITH_AES_256_GCM_SHA384, TLS_ECDH_ECDSA_WITH_AES_128_GCM_SHA256, TLS_ECDH_RSA_WITH_AES_128_GCM_SHA256, TLS_ECDH_ECDSA_WITH_AES_256_CBC_SHA384, TLS_ECDH_RSA_WITH_AES_256_CBC_SHA384, TLS_ECDH_ECDSA_WITH_AES_128_CBC_SHA256, TLS_ECDH_RSA_WITH_AES_128_CBC_SHA256, TLS_ECDHE_ECDSA_WITH_AES_256_CBC_SHA, TLS_ECDHE_RSA_WITH_AES_256_CBC_SHA, TLS_ECDHE_ECDSA_WITH_AES_128_CBC_SHA, TLS_ECDHE_RSA_WITH_AES_128_CBC_SHA, TLS_DHE_RSA_WITH_AES_256_CBC_SHA, TLS_DHE_DSS_WITH_AES_256_CBC_SHA, TLS_DHE_RSA_WITH_AES_128_CBC_SHA, TLS_DHE_DSS_WITH_AES_128_CBC_SHA, TLS_ECDH_ECDSA_WITH_AES_256_CBC_SHA, TLS_ECDH_RSA_WITH_AES_256_CBC_SHA, TLS_ECDH_ECDSA_WITH_AES_128_CBC_SHA, TLS_ECDH_RSA_WITH_AES_128_CBC_SHA, TLS_RSA_WITH_AES_256_GCM_SHA384, TLS_RSA_WITH_AES_128_GCM_SHA256, TLS_RSA_WITH_AES_256_CBC_SHA256, TLS_RSA_WITH_AES_128_CBC_SHA256, TLS_RSA_WITH_AES_256_CBC_SHA, TLS_RSA_WITH_AES_128_CBC_SHA, TLS_EMPTY_RENEGOTIATION_INFO_SCSV]
15:58:10.169 [http-nio-8090-exec-8] DEBUG ####com.vedagram.config.PrincipalDetails@2f721dbd###9bb4f2f476fc4e9c8f236c675c488348### o.a.h.c.s.SSLConnectionSocketFactory - Starting handshake
15:58:10.320 [http-nio-8090-exec-8] DEBUG ####com.vedagram.config.PrincipalDetails@2f721dbd###9bb4f2f476fc4e9c8f236c675c488348### o.a.h.c.s.SSLConnectionSocketFactory - Secure session established
15:58:10.321 [http-nio-8090-exec-8] DEBUG ####com.vedagram.config.PrincipalDetails@2f721dbd###9bb4f2f476fc4e9c8f236c675c488348### o.a.h.c.s.SSLConnectionSocketFactory -  negotiated protocol: TLSv1.2
15:58:10.322 [http-nio-8090-exec-8] DEBUG ####com.vedagram.config.PrincipalDetails@2f721dbd###9bb4f2f476fc4e9c8f236c675c488348### o.a.h.c.s.SSLConnectionSocketFactory -  negotiated cipher suite: TLS_ECDHE_RSA_WITH_AES_256_GCM_SHA384
15:58:10.322 [http-nio-8090-exec-8] DEBUG ####com.vedagram.config.PrincipalDetails@2f721dbd###9bb4f2f476fc4e9c8f236c675c488348### o.a.h.c.s.SSLConnectionSocketFactory -  peer principal: CN=groupnpay.com
15:58:10.323 [http-nio-8090-exec-8] DEBUG ####com.vedagram.config.PrincipalDetails@2f721dbd###9bb4f2f476fc4e9c8f236c675c488348### o.a.h.c.s.SSLConnectionSocketFactory -  peer alternative names: [groupnpay.com, www.groupnpay.com]
15:58:10.323 [http-nio-8090-exec-8] DEBUG ####com.vedagram.config.PrincipalDetails@2f721dbd###9bb4f2f476fc4e9c8f236c675c488348### o.a.h.c.s.SSLConnectionSocketFactory -  issuer principal: CN=R3, O=Let's Encrypt, C=US
15:58:10.323 [http-nio-8090-exec-8] DEBUG ####com.vedagram.config.PrincipalDetails@2f721dbd###9bb4f2f476fc4e9c8f236c675c488348### o.a.h.i.c.DefaultHttpClientConnectionOperator - Connection established 192.168.2.68:51243<->142.93.221.190:443
15:58:10.324 [http-nio-8090-exec-8] DEBUG ####com.vedagram.config.PrincipalDetails@2f721dbd###9bb4f2f476fc4e9c8f236c675c488348### o.a.h.impl.execchain.MainClientExec - Executing request POST /vedagram_pd/api/v1/getRates HTTP/1.1
15:58:10.324 [http-nio-8090-exec-8] DEBUG ####com.vedagram.config.PrincipalDetails@2f721dbd###9bb4f2f476fc4e9c8f236c675c488348### o.a.h.impl.execchain.MainClientExec - Proxy auth state: UNCHALLENGED
15:58:10.324 [http-nio-8090-exec-8] DEBUG ####com.vedagram.config.PrincipalDetails@2f721dbd###9bb4f2f476fc4e9c8f236c675c488348### org.apache.http.headers - http-outgoing-1 >> POST /vedagram_pd/api/v1/getRates HTTP/1.1
15:58:10.325 [http-nio-8090-exec-8] DEBUG ####com.vedagram.config.PrincipalDetails@2f721dbd###9bb4f2f476fc4e9c8f236c675c488348### org.apache.http.headers - http-outgoing-1 >> Content-Type: application/json
15:58:10.325 [http-nio-8090-exec-8] DEBUG ####com.vedagram.config.PrincipalDetails@2f721dbd###9bb4f2f476fc4e9c8f236c675c488348### org.apache.http.headers - http-outgoing-1 >> Authorization: Bearer eyJhbGciOiJIUzI1NiJ9.eyJzdWIiOiI0NDI0NjE1MDQ5IiwibW9iaWxlTnVtYmVyIjoiNDQyNDYxNTA0OSIsInVzZXJJRCI6IjVkZjBjZGM3MGE5NzVhMjU0NWYyZDRhZSIsInJvbGUiOiJST0xFX1VTRVIiLCJpYXQiOjE1NzYwNjI2MzV9.eB8uiuyzC5HMthGuHfdCdVbKqusHWNDn_C_JMa_0x8E
15:58:10.325 [http-nio-8090-exec-8] DEBUG ####com.vedagram.config.PrincipalDetails@2f721dbd###9bb4f2f476fc4e9c8f236c675c488348### org.apache.http.headers - http-outgoing-1 >> Content-Length: 175
15:58:10.325 [http-nio-8090-exec-8] DEBUG ####com.vedagram.config.PrincipalDetails@2f721dbd###9bb4f2f476fc4e9c8f236c675c488348### org.apache.http.headers - http-outgoing-1 >> Host: groupnpay.com
15:58:10.325 [http-nio-8090-exec-8] DEBUG ####com.vedagram.config.PrincipalDetails@2f721dbd###9bb4f2f476fc4e9c8f236c675c488348### org.apache.http.headers - http-outgoing-1 >> Connection: Keep-Alive
15:58:10.325 [http-nio-8090-exec-8] DEBUG ####com.vedagram.config.PrincipalDetails@2f721dbd###9bb4f2f476fc4e9c8f236c675c488348### org.apache.http.headers - http-outgoing-1 >> User-Agent: Apache-HttpClient/4.5.2 (Java/1.8.0_331)
15:58:10.326 [http-nio-8090-exec-8] DEBUG ####com.vedagram.config.PrincipalDetails@2f721dbd###9bb4f2f476fc4e9c8f236c675c488348### org.apache.http.headers - http-outgoing-1 >> Accept-Encoding: gzip,deflate
15:58:10.326 [http-nio-8090-exec-8] DEBUG ####com.vedagram.config.PrincipalDetails@2f721dbd###9bb4f2f476fc4e9c8f236c675c488348### org.apache.http.wire - http-outgoing-1 >> "POST /vedagram_pd/api/v1/getRates HTTP/1.1[\r][\n]"
15:58:10.326 [http-nio-8090-exec-8] DEBUG ####com.vedagram.config.PrincipalDetails@2f721dbd###9bb4f2f476fc4e9c8f236c675c488348### org.apache.http.wire - http-outgoing-1 >> "Content-Type: application/json[\r][\n]"
15:58:10.326 [http-nio-8090-exec-8] DEBUG ####com.vedagram.config.PrincipalDetails@2f721dbd###9bb4f2f476fc4e9c8f236c675c488348### org.apache.http.wire - http-outgoing-1 >> "Authorization: Bearer eyJhbGciOiJIUzI1NiJ9.eyJzdWIiOiI0NDI0NjE1MDQ5IiwibW9iaWxlTnVtYmVyIjoiNDQyNDYxNTA0OSIsInVzZXJJRCI6IjVkZjBjZGM3MGE5NzVhMjU0NWYyZDRhZSIsInJvbGUiOiJST0xFX1VTRVIiLCJpYXQiOjE1NzYwNjI2MzV9.eB8uiuyzC5HMthGuHfdCdVbKqusHWNDn_C_JMa_0x8E[\r][\n]"
15:58:10.326 [http-nio-8090-exec-8] DEBUG ####com.vedagram.config.PrincipalDetails@2f721dbd###9bb4f2f476fc4e9c8f236c675c488348### org.apache.http.wire - http-outgoing-1 >> "Content-Length: 175[\r][\n]"
15:58:10.327 [http-nio-8090-exec-8] DEBUG ####com.vedagram.config.PrincipalDetails@2f721dbd###9bb4f2f476fc4e9c8f236c675c488348### org.apache.http.wire - http-outgoing-1 >> "Host: groupnpay.com[\r][\n]"
15:58:10.327 [http-nio-8090-exec-8] DEBUG ####com.vedagram.config.PrincipalDetails@2f721dbd###9bb4f2f476fc4e9c8f236c675c488348### org.apache.http.wire - http-outgoing-1 >> "Connection: Keep-Alive[\r][\n]"
15:58:10.327 [http-nio-8090-exec-8] DEBUG ####com.vedagram.config.PrincipalDetails@2f721dbd###9bb4f2f476fc4e9c8f236c675c488348### org.apache.http.wire - http-outgoing-1 >> "User-Agent: Apache-HttpClient/4.5.2 (Java/1.8.0_331)[\r][\n]"
15:58:10.327 [http-nio-8090-exec-8] DEBUG ####com.vedagram.config.PrincipalDetails@2f721dbd###9bb4f2f476fc4e9c8f236c675c488348### org.apache.http.wire - http-outgoing-1 >> "Accept-Encoding: gzip,deflate[\r][\n]"
15:58:10.327 [http-nio-8090-exec-8] DEBUG ####com.vedagram.config.PrincipalDetails@2f721dbd###9bb4f2f476fc4e9c8f236c675c488348### org.apache.http.wire - http-outgoing-1 >> "[\r][\n]"
15:58:10.327 [http-nio-8090-exec-8] DEBUG ####com.vedagram.config.PrincipalDetails@2f721dbd###9bb4f2f476fc4e9c8f236c675c488348### org.apache.http.wire - http-outgoing-1 >> "{"packagePickupAddress":"no 5, rajamannar salai, chennai,600078","recieverAddress":"Palani Andavar Koil St, Vadapalani, Chennai,600026","weight":"1","merchantName":"VEDAGRAM"}"
15:58:10.780 [http-nio-8090-exec-8] DEBUG ####com.vedagram.config.PrincipalDetails@2f721dbd###9bb4f2f476fc4e9c8f236c675c488348### org.apache.http.wire - http-outgoing-1 << "HTTP/1.1 200 [\r][\n]"
15:58:10.782 [http-nio-8090-exec-8] DEBUG ####com.vedagram.config.PrincipalDetails@2f721dbd###9bb4f2f476fc4e9c8f236c675c488348### org.apache.http.wire - http-outgoing-1 << "Server: nginx/1.18.0 (Ubuntu)[\r][\n]"
15:58:10.782 [http-nio-8090-exec-8] DEBUG ####com.vedagram.config.PrincipalDetails@2f721dbd###9bb4f2f476fc4e9c8f236c675c488348### org.apache.http.wire - http-outgoing-1 << "Date: Thu, 27 Jul 2023 10:28:11 GMT[\r][\n]"
15:58:10.782 [http-nio-8090-exec-8] DEBUG ####com.vedagram.config.PrincipalDetails@2f721dbd###9bb4f2f476fc4e9c8f236c675c488348### org.apache.http.wire - http-outgoing-1 << "Content-Type: application/json;charset=UTF-8[\r][\n]"
15:58:10.783 [http-nio-8090-exec-8] DEBUG ####com.vedagram.config.PrincipalDetails@2f721dbd###9bb4f2f476fc4e9c8f236c675c488348### org.apache.http.wire - http-outgoing-1 << "Transfer-Encoding: chunked[\r][\n]"
15:58:10.783 [http-nio-8090-exec-8] DEBUG ####com.vedagram.config.PrincipalDetails@2f721dbd###9bb4f2f476fc4e9c8f236c675c488348### org.apache.http.wire - http-outgoing-1 << "Connection: keep-alive[\r][\n]"
15:58:10.783 [http-nio-8090-exec-8] DEBUG ####com.vedagram.config.PrincipalDetails@2f721dbd###9bb4f2f476fc4e9c8f236c675c488348### org.apache.http.wire - http-outgoing-1 << "Set-Cookie: JSESSIONID=34E72A8411B5711531BE53547B5F5055; Path=/vedagram_pd; HttpOnly[\r][\n]"
15:58:10.783 [http-nio-8090-exec-8] DEBUG ####com.vedagram.config.PrincipalDetails@2f721dbd###9bb4f2f476fc4e9c8f236c675c488348### org.apache.http.wire - http-outgoing-1 << "X-Content-Type-Options: nosniff[\r][\n]"
15:58:10.783 [http-nio-8090-exec-8] DEBUG ####com.vedagram.config.PrincipalDetails@2f721dbd###9bb4f2f476fc4e9c8f236c675c488348### org.apache.http.wire - http-outgoing-1 << "X-XSS-Protection: 1; mode=block[\r][\n]"
15:58:10.783 [http-nio-8090-exec-8] DEBUG ####com.vedagram.config.PrincipalDetails@2f721dbd###9bb4f2f476fc4e9c8f236c675c488348### org.apache.http.wire - http-outgoing-1 << "Cache-Control: no-cache, no-store, max-age=0, must-revalidate[\r][\n]"
15:58:10.783 [http-nio-8090-exec-8] DEBUG ####com.vedagram.config.PrincipalDetails@2f721dbd###9bb4f2f476fc4e9c8f236c675c488348### org.apache.http.wire - http-outgoing-1 << "Pragma: no-cache[\r][\n]"
15:58:10.784 [http-nio-8090-exec-8] DEBUG ####com.vedagram.config.PrincipalDetails@2f721dbd###9bb4f2f476fc4e9c8f236c675c488348### org.apache.http.wire - http-outgoing-1 << "Expires: 0[\r][\n]"
15:58:10.784 [http-nio-8090-exec-8] DEBUG ####com.vedagram.config.PrincipalDetails@2f721dbd###9bb4f2f476fc4e9c8f236c675c488348### org.apache.http.wire - http-outgoing-1 << "X-Frame-Options: DENY[\r][\n]"
15:58:10.784 [http-nio-8090-exec-8] DEBUG ####com.vedagram.config.PrincipalDetails@2f721dbd###9bb4f2f476fc4e9c8f236c675c488348### org.apache.http.wire - http-outgoing-1 << "[\r][\n]"
15:58:10.784 [http-nio-8090-exec-8] DEBUG ####com.vedagram.config.PrincipalDetails@2f721dbd###9bb4f2f476fc4e9c8f236c675c488348### org.apache.http.wire - http-outgoing-1 << "31[\r][\n]"
15:58:10.785 [http-nio-8090-exec-8] DEBUG ####com.vedagram.config.PrincipalDetails@2f721dbd###9bb4f2f476fc4e9c8f236c675c488348### org.apache.http.wire - http-outgoing-1 << "{"packageStatus":"SUCCESS","deliveryCharge":55.0}[\r][\n]"
15:58:10.785 [http-nio-8090-exec-8] DEBUG ####com.vedagram.config.PrincipalDetails@2f721dbd###9bb4f2f476fc4e9c8f236c675c488348### org.apache.http.wire - http-outgoing-1 << "0[\r][\n]"
15:58:10.785 [http-nio-8090-exec-8] DEBUG ####com.vedagram.config.PrincipalDetails@2f721dbd###9bb4f2f476fc4e9c8f236c675c488348### org.apache.http.wire - http-outgoing-1 << "[\r][\n]"
15:58:10.785 [http-nio-8090-exec-8] DEBUG ####com.vedagram.config.PrincipalDetails@2f721dbd###9bb4f2f476fc4e9c8f236c675c488348### org.apache.http.headers - http-outgoing-1 << HTTP/1.1 200 
15:58:10.786 [http-nio-8090-exec-8] DEBUG ####com.vedagram.config.PrincipalDetails@2f721dbd###9bb4f2f476fc4e9c8f236c675c488348### org.apache.http.headers - http-outgoing-1 << Server: nginx/1.18.0 (Ubuntu)
15:58:10.786 [http-nio-8090-exec-8] DEBUG ####com.vedagram.config.PrincipalDetails@2f721dbd###9bb4f2f476fc4e9c8f236c675c488348### org.apache.http.headers - http-outgoing-1 << Date: Thu, 27 Jul 2023 10:28:11 GMT
15:58:10.786 [http-nio-8090-exec-8] DEBUG ####com.vedagram.config.PrincipalDetails@2f721dbd###9bb4f2f476fc4e9c8f236c675c488348### org.apache.http.headers - http-outgoing-1 << Content-Type: application/json;charset=UTF-8
15:58:10.786 [http-nio-8090-exec-8] DEBUG ####com.vedagram.config.PrincipalDetails@2f721dbd###9bb4f2f476fc4e9c8f236c675c488348### org.apache.http.headers - http-outgoing-1 << Transfer-Encoding: chunked
15:58:10.786 [http-nio-8090-exec-8] DEBUG ####com.vedagram.config.PrincipalDetails@2f721dbd###9bb4f2f476fc4e9c8f236c675c488348### org.apache.http.headers - http-outgoing-1 << Connection: keep-alive
15:58:10.786 [http-nio-8090-exec-8] DEBUG ####com.vedagram.config.PrincipalDetails@2f721dbd###9bb4f2f476fc4e9c8f236c675c488348### org.apache.http.headers - http-outgoing-1 << Set-Cookie: JSESSIONID=34E72A8411B5711531BE53547B5F5055; Path=/vedagram_pd; HttpOnly
15:58:10.786 [http-nio-8090-exec-8] DEBUG ####com.vedagram.config.PrincipalDetails@2f721dbd###9bb4f2f476fc4e9c8f236c675c488348### org.apache.http.headers - http-outgoing-1 << X-Content-Type-Options: nosniff
15:58:10.786 [http-nio-8090-exec-8] DEBUG ####com.vedagram.config.PrincipalDetails@2f721dbd###9bb4f2f476fc4e9c8f236c675c488348### org.apache.http.headers - http-outgoing-1 << X-XSS-Protection: 1; mode=block
15:58:10.786 [http-nio-8090-exec-8] DEBUG ####com.vedagram.config.PrincipalDetails@2f721dbd###9bb4f2f476fc4e9c8f236c675c488348### org.apache.http.headers - http-outgoing-1 << Cache-Control: no-cache, no-store, max-age=0, must-revalidate
15:58:10.787 [http-nio-8090-exec-8] DEBUG ####com.vedagram.config.PrincipalDetails@2f721dbd###9bb4f2f476fc4e9c8f236c675c488348### org.apache.http.headers - http-outgoing-1 << Pragma: no-cache
15:58:10.787 [http-nio-8090-exec-8] DEBUG ####com.vedagram.config.PrincipalDetails@2f721dbd###9bb4f2f476fc4e9c8f236c675c488348### org.apache.http.headers - http-outgoing-1 << Expires: 0
15:58:10.787 [http-nio-8090-exec-8] DEBUG ####com.vedagram.config.PrincipalDetails@2f721dbd###9bb4f2f476fc4e9c8f236c675c488348### org.apache.http.headers - http-outgoing-1 << X-Frame-Options: DENY
15:58:10.787 [http-nio-8090-exec-8] DEBUG ####com.vedagram.config.PrincipalDetails@2f721dbd###9bb4f2f476fc4e9c8f236c675c488348### o.a.h.impl.execchain.MainClientExec - Connection can be kept alive indefinitely
15:58:10.787 [http-nio-8090-exec-8] DEBUG ####com.vedagram.config.PrincipalDetails@2f721dbd###9bb4f2f476fc4e9c8f236c675c488348### o.a.h.c.p.ResponseProcessCookies - Cookie accepted [JSESSIONID="34E72A8411B5711531BE53547B5F5055", version:0, domain:groupnpay.com, path:/vedagram_pd, expiry:null]
15:58:10.787 [http-nio-8090-exec-8] DEBUG ####com.vedagram.config.PrincipalDetails@2f721dbd###9bb4f2f476fc4e9c8f236c675c488348### o.a.h.i.c.PoolingHttpClientConnectionManager - Connection [id: 1][route: {s}->https://groupnpay.com:443] can be kept alive indefinitely
15:58:10.788 [http-nio-8090-exec-8] DEBUG ####com.vedagram.config.PrincipalDetails@2f721dbd###9bb4f2f476fc4e9c8f236c675c488348### o.a.h.i.c.PoolingHttpClientConnectionManager - Connection released: [id: 1][route: {s}->https://groupnpay.com:443][total kept alive: 1; route allocated: 1 of 2; total allocated: 1 of 20]
15:58:10.788 [http-nio-8090-exec-8] DEBUG ####com.vedagram.config.PrincipalDetails@2f721dbd###9bb4f2f476fc4e9c8f236c675c488348### o.a.h.impl.execchain.MainClientExec - Cancelling request execution
15:58:10.792 [http-nio-8090-exec-8] DEBUG ####com.vedagram.config.PrincipalDetails@2f721dbd###9bb4f2f476fc4e9c8f236c675c488348### o.a.h.c.protocol.RequestAddCookies - CookieSpec selected: default
15:58:10.792 [http-nio-8090-exec-8] DEBUG ####com.vedagram.config.PrincipalDetails@2f721dbd###9bb4f2f476fc4e9c8f236c675c488348### o.a.h.c.protocol.RequestAuthCache - Auth cache not set in the context
15:58:10.792 [http-nio-8090-exec-8] DEBUG ####com.vedagram.config.PrincipalDetails@2f721dbd###9bb4f2f476fc4e9c8f236c675c488348### o.a.h.i.c.PoolingHttpClientConnectionManager - Connection request: [route: {s}->https://groupnpay.com:443][total kept alive: 0; route allocated: 0 of 2; total allocated: 0 of 20]
15:58:10.792 [http-nio-8090-exec-8] DEBUG ####com.vedagram.config.PrincipalDetails@2f721dbd###9bb4f2f476fc4e9c8f236c675c488348### o.a.h.i.c.PoolingHttpClientConnectionManager - Connection leased: [id: 2][route: {s}->https://groupnpay.com:443][total kept alive: 0; route allocated: 1 of 2; total allocated: 1 of 20]
15:58:10.792 [http-nio-8090-exec-8] DEBUG ####com.vedagram.config.PrincipalDetails@2f721dbd###9bb4f2f476fc4e9c8f236c675c488348### o.a.h.impl.execchain.MainClientExec - Opening connection {s}->https://groupnpay.com:443
15:58:10.793 [http-nio-8090-exec-8] DEBUG ####com.vedagram.config.PrincipalDetails@2f721dbd###9bb4f2f476fc4e9c8f236c675c488348### o.a.h.i.c.DefaultHttpClientConnectionOperator - Connecting to groupnpay.com/142.93.221.190:443
15:58:10.793 [http-nio-8090-exec-8] DEBUG ####com.vedagram.config.PrincipalDetails@2f721dbd###9bb4f2f476fc4e9c8f236c675c488348### o.a.h.c.s.SSLConnectionSocketFactory - Connecting socket to groupnpay.com/142.93.221.190:443 with timeout 0
15:58:10.868 [http-nio-8090-exec-8] DEBUG ####com.vedagram.config.PrincipalDetails@2f721dbd###9bb4f2f476fc4e9c8f236c675c488348### o.a.h.c.s.SSLConnectionSocketFactory - Enabled protocols: [TLSv1.2]
15:58:10.868 [http-nio-8090-exec-8] DEBUG ####com.vedagram.config.PrincipalDetails@2f721dbd###9bb4f2f476fc4e9c8f236c675c488348### o.a.h.c.s.SSLConnectionSocketFactory - Enabled cipher suites:[TLS_ECDHE_ECDSA_WITH_AES_256_GCM_SHA384, TLS_ECDHE_ECDSA_WITH_AES_128_GCM_SHA256, TLS_ECDHE_RSA_WITH_AES_256_GCM_SHA384, TLS_ECDHE_RSA_WITH_AES_128_GCM_SHA256, TLS_DHE_RSA_WITH_AES_256_GCM_SHA384, TLS_DHE_DSS_WITH_AES_256_GCM_SHA384, TLS_DHE_RSA_WITH_AES_128_GCM_SHA256, TLS_DHE_DSS_WITH_AES_128_GCM_SHA256, TLS_ECDHE_ECDSA_WITH_AES_256_CBC_SHA384, TLS_ECDHE_RSA_WITH_AES_256_CBC_SHA384, TLS_ECDHE_ECDSA_WITH_AES_128_CBC_SHA256, TLS_ECDHE_RSA_WITH_AES_128_CBC_SHA256, TLS_DHE_RSA_WITH_AES_256_CBC_SHA256, TLS_DHE_DSS_WITH_AES_256_CBC_SHA256, TLS_DHE_RSA_WITH_AES_128_CBC_SHA256, TLS_DHE_DSS_WITH_AES_128_CBC_SHA256, TLS_ECDH_ECDSA_WITH_AES_256_GCM_SHA384, TLS_ECDH_RSA_WITH_AES_256_GCM_SHA384, TLS_ECDH_ECDSA_WITH_AES_128_GCM_SHA256, TLS_ECDH_RSA_WITH_AES_128_GCM_SHA256, TLS_ECDH_ECDSA_WITH_AES_256_CBC_SHA384, TLS_ECDH_RSA_WITH_AES_256_CBC_SHA384, TLS_ECDH_ECDSA_WITH_AES_128_CBC_SHA256, TLS_ECDH_RSA_WITH_AES_128_CBC_SHA256, TLS_ECDHE_ECDSA_WITH_AES_256_CBC_SHA, TLS_ECDHE_RSA_WITH_AES_256_CBC_SHA, TLS_ECDHE_ECDSA_WITH_AES_128_CBC_SHA, TLS_ECDHE_RSA_WITH_AES_128_CBC_SHA, TLS_DHE_RSA_WITH_AES_256_CBC_SHA, TLS_DHE_DSS_WITH_AES_256_CBC_SHA, TLS_DHE_RSA_WITH_AES_128_CBC_SHA, TLS_DHE_DSS_WITH_AES_128_CBC_SHA, TLS_ECDH_ECDSA_WITH_AES_256_CBC_SHA, TLS_ECDH_RSA_WITH_AES_256_CBC_SHA, TLS_ECDH_ECDSA_WITH_AES_128_CBC_SHA, TLS_ECDH_RSA_WITH_AES_128_CBC_SHA, TLS_RSA_WITH_AES_256_GCM_SHA384, TLS_RSA_WITH_AES_128_GCM_SHA256, TLS_RSA_WITH_AES_256_CBC_SHA256, TLS_RSA_WITH_AES_128_CBC_SHA256, TLS_RSA_WITH_AES_256_CBC_SHA, TLS_RSA_WITH_AES_128_CBC_SHA, TLS_EMPTY_RENEGOTIATION_INFO_SCSV]
15:58:10.868 [http-nio-8090-exec-8] DEBUG ####com.vedagram.config.PrincipalDetails@2f721dbd###9bb4f2f476fc4e9c8f236c675c488348### o.a.h.c.s.SSLConnectionSocketFactory - Starting handshake
15:58:10.994 [http-nio-8090-exec-8] DEBUG ####com.vedagram.config.PrincipalDetails@2f721dbd###9bb4f2f476fc4e9c8f236c675c488348### o.a.h.c.s.SSLConnectionSocketFactory - Secure session established
15:58:10.995 [http-nio-8090-exec-8] DEBUG ####com.vedagram.config.PrincipalDetails@2f721dbd###9bb4f2f476fc4e9c8f236c675c488348### o.a.h.c.s.SSLConnectionSocketFactory -  negotiated protocol: TLSv1.2
15:58:10.996 [http-nio-8090-exec-8] DEBUG ####com.vedagram.config.PrincipalDetails@2f721dbd###9bb4f2f476fc4e9c8f236c675c488348### o.a.h.c.s.SSLConnectionSocketFactory -  negotiated cipher suite: TLS_ECDHE_RSA_WITH_AES_256_GCM_SHA384
15:58:10.996 [http-nio-8090-exec-8] DEBUG ####com.vedagram.config.PrincipalDetails@2f721dbd###9bb4f2f476fc4e9c8f236c675c488348### o.a.h.c.s.SSLConnectionSocketFactory -  peer principal: CN=groupnpay.com
15:58:10.997 [http-nio-8090-exec-8] DEBUG ####com.vedagram.config.PrincipalDetails@2f721dbd###9bb4f2f476fc4e9c8f236c675c488348### o.a.h.c.s.SSLConnectionSocketFactory -  peer alternative names: [groupnpay.com, www.groupnpay.com]
15:58:10.997 [http-nio-8090-exec-8] DEBUG ####com.vedagram.config.PrincipalDetails@2f721dbd###9bb4f2f476fc4e9c8f236c675c488348### o.a.h.c.s.SSLConnectionSocketFactory -  issuer principal: CN=R3, O=Let's Encrypt, C=US
15:58:10.997 [http-nio-8090-exec-8] DEBUG ####com.vedagram.config.PrincipalDetails@2f721dbd###9bb4f2f476fc4e9c8f236c675c488348### o.a.h.i.c.DefaultHttpClientConnectionOperator - Connection established 192.168.2.68:51244<->142.93.221.190:443
15:58:10.997 [http-nio-8090-exec-8] DEBUG ####com.vedagram.config.PrincipalDetails@2f721dbd###9bb4f2f476fc4e9c8f236c675c488348### o.a.h.impl.execchain.MainClientExec - Executing request POST /vedagram_pd/api/v1/getRates HTTP/1.1
15:58:10.998 [http-nio-8090-exec-8] DEBUG ####com.vedagram.config.PrincipalDetails@2f721dbd###9bb4f2f476fc4e9c8f236c675c488348### o.a.h.impl.execchain.MainClientExec - Proxy auth state: UNCHALLENGED
15:58:10.998 [http-nio-8090-exec-8] DEBUG ####com.vedagram.config.PrincipalDetails@2f721dbd###9bb4f2f476fc4e9c8f236c675c488348### org.apache.http.headers - http-outgoing-2 >> POST /vedagram_pd/api/v1/getRates HTTP/1.1
15:58:10.998 [http-nio-8090-exec-8] DEBUG ####com.vedagram.config.PrincipalDetails@2f721dbd###9bb4f2f476fc4e9c8f236c675c488348### org.apache.http.headers - http-outgoing-2 >> Content-Type: application/json
15:58:10.998 [http-nio-8090-exec-8] DEBUG ####com.vedagram.config.PrincipalDetails@2f721dbd###9bb4f2f476fc4e9c8f236c675c488348### org.apache.http.headers - http-outgoing-2 >> Authorization: Bearer eyJhbGciOiJIUzI1NiJ9.eyJzdWIiOiI0NDI0NjE1MDQ5IiwibW9iaWxlTnVtYmVyIjoiNDQyNDYxNTA0OSIsInVzZXJJRCI6IjVkZjBjZGM3MGE5NzVhMjU0NWYyZDRhZSIsInJvbGUiOiJST0xFX1VTRVIiLCJpYXQiOjE1NzYwNjI2MzV9.eB8uiuyzC5HMthGuHfdCdVbKqusHWNDn_C_JMa_0x8E
15:58:10.999 [http-nio-8090-exec-8] DEBUG ####com.vedagram.config.PrincipalDetails@2f721dbd###9bb4f2f476fc4e9c8f236c675c488348### org.apache.http.headers - http-outgoing-2 >> Content-Length: 175
15:58:10.999 [http-nio-8090-exec-8] DEBUG ####com.vedagram.config.PrincipalDetails@2f721dbd###9bb4f2f476fc4e9c8f236c675c488348### org.apache.http.headers - http-outgoing-2 >> Host: groupnpay.com
15:58:10.999 [http-nio-8090-exec-8] DEBUG ####com.vedagram.config.PrincipalDetails@2f721dbd###9bb4f2f476fc4e9c8f236c675c488348### org.apache.http.headers - http-outgoing-2 >> Connection: Keep-Alive
15:58:10.999 [http-nio-8090-exec-8] DEBUG ####com.vedagram.config.PrincipalDetails@2f721dbd###9bb4f2f476fc4e9c8f236c675c488348### org.apache.http.headers - http-outgoing-2 >> User-Agent: Apache-HttpClient/4.5.2 (Java/1.8.0_331)
15:58:10.999 [http-nio-8090-exec-8] DEBUG ####com.vedagram.config.PrincipalDetails@2f721dbd###9bb4f2f476fc4e9c8f236c675c488348### org.apache.http.headers - http-outgoing-2 >> Accept-Encoding: gzip,deflate
15:58:10.999 [http-nio-8090-exec-8] DEBUG ####com.vedagram.config.PrincipalDetails@2f721dbd###9bb4f2f476fc4e9c8f236c675c488348### org.apache.http.wire - http-outgoing-2 >> "POST /vedagram_pd/api/v1/getRates HTTP/1.1[\r][\n]"
15:58:10.999 [http-nio-8090-exec-8] DEBUG ####com.vedagram.config.PrincipalDetails@2f721dbd###9bb4f2f476fc4e9c8f236c675c488348### org.apache.http.wire - http-outgoing-2 >> "Content-Type: application/json[\r][\n]"
15:58:11.000 [http-nio-8090-exec-8] DEBUG ####com.vedagram.config.PrincipalDetails@2f721dbd###9bb4f2f476fc4e9c8f236c675c488348### org.apache.http.wire - http-outgoing-2 >> "Authorization: Bearer eyJhbGciOiJIUzI1NiJ9.eyJzdWIiOiI0NDI0NjE1MDQ5IiwibW9iaWxlTnVtYmVyIjoiNDQyNDYxNTA0OSIsInVzZXJJRCI6IjVkZjBjZGM3MGE5NzVhMjU0NWYyZDRhZSIsInJvbGUiOiJST0xFX1VTRVIiLCJpYXQiOjE1NzYwNjI2MzV9.eB8uiuyzC5HMthGuHfdCdVbKqusHWNDn_C_JMa_0x8E[\r][\n]"
15:58:11.000 [http-nio-8090-exec-8] DEBUG ####com.vedagram.config.PrincipalDetails@2f721dbd###9bb4f2f476fc4e9c8f236c675c488348### org.apache.http.wire - http-outgoing-2 >> "Content-Length: 175[\r][\n]"
15:58:11.000 [http-nio-8090-exec-8] DEBUG ####com.vedagram.config.PrincipalDetails@2f721dbd###9bb4f2f476fc4e9c8f236c675c488348### org.apache.http.wire - http-outgoing-2 >> "Host: groupnpay.com[\r][\n]"
15:58:11.000 [http-nio-8090-exec-8] DEBUG ####com.vedagram.config.PrincipalDetails@2f721dbd###9bb4f2f476fc4e9c8f236c675c488348### org.apache.http.wire - http-outgoing-2 >> "Connection: Keep-Alive[\r][\n]"
15:58:11.000 [http-nio-8090-exec-8] DEBUG ####com.vedagram.config.PrincipalDetails@2f721dbd###9bb4f2f476fc4e9c8f236c675c488348### org.apache.http.wire - http-outgoing-2 >> "User-Agent: Apache-HttpClient/4.5.2 (Java/1.8.0_331)[\r][\n]"
15:58:11.000 [http-nio-8090-exec-8] DEBUG ####com.vedagram.config.PrincipalDetails@2f721dbd###9bb4f2f476fc4e9c8f236c675c488348### org.apache.http.wire - http-outgoing-2 >> "Accept-Encoding: gzip,deflate[\r][\n]"
15:58:11.000 [http-nio-8090-exec-8] DEBUG ####com.vedagram.config.PrincipalDetails@2f721dbd###9bb4f2f476fc4e9c8f236c675c488348### org.apache.http.wire - http-outgoing-2 >> "[\r][\n]"
15:58:11.001 [http-nio-8090-exec-8] DEBUG ####com.vedagram.config.PrincipalDetails@2f721dbd###9bb4f2f476fc4e9c8f236c675c488348### org.apache.http.wire - http-outgoing-2 >> "{"packagePickupAddress":"no 5, rajamannar salai, chennai,600078","recieverAddress":"Palani Andavar Koil St, Vadapalani, Chennai,600026","weight":"1","merchantName":"VEDAGRAM"}"
15:58:11.471 [http-nio-8090-exec-8] DEBUG ####com.vedagram.config.PrincipalDetails@2f721dbd###9bb4f2f476fc4e9c8f236c675c488348### org.apache.http.wire - http-outgoing-2 << "HTTP/1.1 200 [\r][\n]"
15:58:11.472 [http-nio-8090-exec-8] DEBUG ####com.vedagram.config.PrincipalDetails@2f721dbd###9bb4f2f476fc4e9c8f236c675c488348### org.apache.http.wire - http-outgoing-2 << "Server: nginx/1.18.0 (Ubuntu)[\r][\n]"
15:58:11.472 [http-nio-8090-exec-8] DEBUG ####com.vedagram.config.PrincipalDetails@2f721dbd###9bb4f2f476fc4e9c8f236c675c488348### org.apache.http.wire - http-outgoing-2 << "Date: Thu, 27 Jul 2023 10:28:12 GMT[\r][\n]"
15:58:11.473 [http-nio-8090-exec-8] DEBUG ####com.vedagram.config.PrincipalDetails@2f721dbd###9bb4f2f476fc4e9c8f236c675c488348### org.apache.http.wire - http-outgoing-2 << "Content-Type: application/json;charset=UTF-8[\r][\n]"
15:58:11.473 [http-nio-8090-exec-8] DEBUG ####com.vedagram.config.PrincipalDetails@2f721dbd###9bb4f2f476fc4e9c8f236c675c488348### org.apache.http.wire - http-outgoing-2 << "Transfer-Encoding: chunked[\r][\n]"
15:58:11.473 [http-nio-8090-exec-8] DEBUG ####com.vedagram.config.PrincipalDetails@2f721dbd###9bb4f2f476fc4e9c8f236c675c488348### org.apache.http.wire - http-outgoing-2 << "Connection: keep-alive[\r][\n]"
15:58:11.473 [http-nio-8090-exec-8] DEBUG ####com.vedagram.config.PrincipalDetails@2f721dbd###9bb4f2f476fc4e9c8f236c675c488348### org.apache.http.wire - http-outgoing-2 << "Set-Cookie: JSESSIONID=327ABEA1A23CF2ACD99CB58BC2ADCB65; Path=/vedagram_pd; HttpOnly[\r][\n]"
15:58:11.473 [http-nio-8090-exec-8] DEBUG ####com.vedagram.config.PrincipalDetails@2f721dbd###9bb4f2f476fc4e9c8f236c675c488348### org.apache.http.wire - http-outgoing-2 << "X-Content-Type-Options: nosniff[\r][\n]"
15:58:11.473 [http-nio-8090-exec-8] DEBUG ####com.vedagram.config.PrincipalDetails@2f721dbd###9bb4f2f476fc4e9c8f236c675c488348### org.apache.http.wire - http-outgoing-2 << "X-XSS-Protection: 1; mode=block[\r][\n]"
15:58:11.474 [http-nio-8090-exec-8] DEBUG ####com.vedagram.config.PrincipalDetails@2f721dbd###9bb4f2f476fc4e9c8f236c675c488348### org.apache.http.wire - http-outgoing-2 << "Cache-Control: no-cache, no-store, max-age=0, must-revalidate[\r][\n]"
15:58:11.474 [http-nio-8090-exec-8] DEBUG ####com.vedagram.config.PrincipalDetails@2f721dbd###9bb4f2f476fc4e9c8f236c675c488348### org.apache.http.wire - http-outgoing-2 << "Pragma: no-cache[\r][\n]"
15:58:11.474 [http-nio-8090-exec-8] DEBUG ####com.vedagram.config.PrincipalDetails@2f721dbd###9bb4f2f476fc4e9c8f236c675c488348### org.apache.http.wire - http-outgoing-2 << "Expires: 0[\r][\n]"
15:58:11.474 [http-nio-8090-exec-8] DEBUG ####com.vedagram.config.PrincipalDetails@2f721dbd###9bb4f2f476fc4e9c8f236c675c488348### org.apache.http.wire - http-outgoing-2 << "X-Frame-Options: DENY[\r][\n]"
15:58:11.474 [http-nio-8090-exec-8] DEBUG ####com.vedagram.config.PrincipalDetails@2f721dbd###9bb4f2f476fc4e9c8f236c675c488348### org.apache.http.wire - http-outgoing-2 << "[\r][\n]"
15:58:11.474 [http-nio-8090-exec-8] DEBUG ####com.vedagram.config.PrincipalDetails@2f721dbd###9bb4f2f476fc4e9c8f236c675c488348### org.apache.http.wire - http-outgoing-2 << "31[\r][\n]"
15:58:11.474 [http-nio-8090-exec-8] DEBUG ####com.vedagram.config.PrincipalDetails@2f721dbd###9bb4f2f476fc4e9c8f236c675c488348### org.apache.http.wire - http-outgoing-2 << "{"packageStatus":"SUCCESS","deliveryCharge":55.0}[\r][\n]"
15:58:11.474 [http-nio-8090-exec-8] DEBUG ####com.vedagram.config.PrincipalDetails@2f721dbd###9bb4f2f476fc4e9c8f236c675c488348### org.apache.http.wire - http-outgoing-2 << "0[\r][\n]"
15:58:11.475 [http-nio-8090-exec-8] DEBUG ####com.vedagram.config.PrincipalDetails@2f721dbd###9bb4f2f476fc4e9c8f236c675c488348### org.apache.http.wire - http-outgoing-2 << "[\r][\n]"
15:58:11.475 [http-nio-8090-exec-8] DEBUG ####com.vedagram.config.PrincipalDetails@2f721dbd###9bb4f2f476fc4e9c8f236c675c488348### org.apache.http.headers - http-outgoing-2 << HTTP/1.1 200 
15:58:11.475 [http-nio-8090-exec-8] DEBUG ####com.vedagram.config.PrincipalDetails@2f721dbd###9bb4f2f476fc4e9c8f236c675c488348### org.apache.http.headers - http-outgoing-2 << Server: nginx/1.18.0 (Ubuntu)
15:58:11.476 [http-nio-8090-exec-8] DEBUG ####com.vedagram.config.PrincipalDetails@2f721dbd###9bb4f2f476fc4e9c8f236c675c488348### org.apache.http.headers - http-outgoing-2 << Date: Thu, 27 Jul 2023 10:28:12 GMT
15:58:11.476 [http-nio-8090-exec-8] DEBUG ####com.vedagram.config.PrincipalDetails@2f721dbd###9bb4f2f476fc4e9c8f236c675c488348### org.apache.http.headers - http-outgoing-2 << Content-Type: application/json;charset=UTF-8
15:58:11.476 [http-nio-8090-exec-8] DEBUG ####com.vedagram.config.PrincipalDetails@2f721dbd###9bb4f2f476fc4e9c8f236c675c488348### org.apache.http.headers - http-outgoing-2 << Transfer-Encoding: chunked
15:58:11.477 [http-nio-8090-exec-8] DEBUG ####com.vedagram.config.PrincipalDetails@2f721dbd###9bb4f2f476fc4e9c8f236c675c488348### org.apache.http.headers - http-outgoing-2 << Connection: keep-alive
15:58:11.477 [http-nio-8090-exec-8] DEBUG ####com.vedagram.config.PrincipalDetails@2f721dbd###9bb4f2f476fc4e9c8f236c675c488348### org.apache.http.headers - http-outgoing-2 << Set-Cookie: JSESSIONID=327ABEA1A23CF2ACD99CB58BC2ADCB65; Path=/vedagram_pd; HttpOnly
15:58:11.477 [http-nio-8090-exec-8] DEBUG ####com.vedagram.config.PrincipalDetails@2f721dbd###9bb4f2f476fc4e9c8f236c675c488348### org.apache.http.headers - http-outgoing-2 << X-Content-Type-Options: nosniff
15:58:11.477 [http-nio-8090-exec-8] DEBUG ####com.vedagram.config.PrincipalDetails@2f721dbd###9bb4f2f476fc4e9c8f236c675c488348### org.apache.http.headers - http-outgoing-2 << X-XSS-Protection: 1; mode=block
15:58:11.477 [http-nio-8090-exec-8] DEBUG ####com.vedagram.config.PrincipalDetails@2f721dbd###9bb4f2f476fc4e9c8f236c675c488348### org.apache.http.headers - http-outgoing-2 << Cache-Control: no-cache, no-store, max-age=0, must-revalidate
15:58:11.477 [http-nio-8090-exec-8] DEBUG ####com.vedagram.config.PrincipalDetails@2f721dbd###9bb4f2f476fc4e9c8f236c675c488348### org.apache.http.headers - http-outgoing-2 << Pragma: no-cache
15:58:11.477 [http-nio-8090-exec-8] DEBUG ####com.vedagram.config.PrincipalDetails@2f721dbd###9bb4f2f476fc4e9c8f236c675c488348### org.apache.http.headers - http-outgoing-2 << Expires: 0
15:58:11.477 [http-nio-8090-exec-8] DEBUG ####com.vedagram.config.PrincipalDetails@2f721dbd###9bb4f2f476fc4e9c8f236c675c488348### org.apache.http.headers - http-outgoing-2 << X-Frame-Options: DENY
15:58:11.477 [http-nio-8090-exec-8] DEBUG ####com.vedagram.config.PrincipalDetails@2f721dbd###9bb4f2f476fc4e9c8f236c675c488348### o.a.h.impl.execchain.MainClientExec - Connection can be kept alive indefinitely
15:58:11.478 [http-nio-8090-exec-8] DEBUG ####com.vedagram.config.PrincipalDetails@2f721dbd###9bb4f2f476fc4e9c8f236c675c488348### o.a.h.c.p.ResponseProcessCookies - Cookie accepted [JSESSIONID="327ABEA1A23CF2ACD99CB58BC2ADCB65", version:0, domain:groupnpay.com, path:/vedagram_pd, expiry:null]
15:58:11.478 [http-nio-8090-exec-8] DEBUG ####com.vedagram.config.PrincipalDetails@2f721dbd###9bb4f2f476fc4e9c8f236c675c488348### o.a.h.i.c.PoolingHttpClientConnectionManager - Connection [id: 2][route: {s}->https://groupnpay.com:443] can be kept alive indefinitely
15:58:11.478 [http-nio-8090-exec-8] DEBUG ####com.vedagram.config.PrincipalDetails@2f721dbd###9bb4f2f476fc4e9c8f236c675c488348### o.a.h.i.c.PoolingHttpClientConnectionManager - Connection released: [id: 2][route: {s}->https://groupnpay.com:443][total kept alive: 1; route allocated: 1 of 2; total allocated: 1 of 20]
15:58:11.478 [http-nio-8090-exec-8] DEBUG ####com.vedagram.config.PrincipalDetails@2f721dbd###9bb4f2f476fc4e9c8f236c675c488348### o.a.h.impl.execchain.MainClientExec - Cancelling request execution
15:58:14.955 [http-nio-8090-exec-10] DEBUG ########## c.v.config.JwtAuthenticationFilter - User ID -->6311c3fefbdafaae0200e1ce,7550107212
15:58:32.334 [http-nio-8090-exec-2] DEBUG ########## c.v.config.JwtAuthenticationFilter - User ID -->6311c3fefbdafaae0200e1ce,7550107212
16:00:00.078 [pool-2-thread-1] DEBUG ########## o.a.h.c.protocol.RequestAddCookies - CookieSpec selected: default
16:00:00.079 [pool-2-thread-1] DEBUG ########## o.a.h.c.protocol.RequestAuthCache - Auth cache not set in the context
16:00:00.079 [pool-2-thread-1] DEBUG ########## o.a.h.i.c.PoolingHttpClientConnectionManager - Connection request: [route: {s}->https://groupnpay.com:443][total kept alive: 0; route allocated: 0 of 2; total allocated: 0 of 20]
16:00:00.079 [pool-2-thread-1] DEBUG ########## o.a.h.i.c.PoolingHttpClientConnectionManager - Connection leased: [id: 3][route: {s}->https://groupnpay.com:443][total kept alive: 0; route allocated: 1 of 2; total allocated: 1 of 20]
16:00:00.079 [pool-2-thread-1] DEBUG ########## o.a.h.impl.execchain.MainClientExec - Opening connection {s}->https://groupnpay.com:443
16:00:00.084 [pool-2-thread-1] DEBUG ########## o.a.h.i.c.DefaultHttpClientConnectionOperator - Connecting to groupnpay.com/142.93.221.190:443
16:00:00.084 [pool-2-thread-1] DEBUG ########## o.a.h.c.s.SSLConnectionSocketFactory - Connecting socket to groupnpay.com/142.93.221.190:443 with timeout 0
16:00:00.097 [pool-2-thread-1] DEBUG ########## o.a.h.c.s.SSLConnectionSocketFactory - Enabled protocols: [TLSv1.2]
16:00:00.098 [pool-2-thread-1] DEBUG ########## o.a.h.c.s.SSLConnectionSocketFactory - Enabled cipher suites:[TLS_ECDHE_ECDSA_WITH_AES_256_GCM_SHA384, TLS_ECDHE_ECDSA_WITH_AES_128_GCM_SHA256, TLS_ECDHE_RSA_WITH_AES_256_GCM_SHA384, TLS_ECDHE_RSA_WITH_AES_128_GCM_SHA256, TLS_DHE_RSA_WITH_AES_256_GCM_SHA384, TLS_DHE_DSS_WITH_AES_256_GCM_SHA384, TLS_DHE_RSA_WITH_AES_128_GCM_SHA256, TLS_DHE_DSS_WITH_AES_128_GCM_SHA256, TLS_ECDHE_ECDSA_WITH_AES_256_CBC_SHA384, TLS_ECDHE_RSA_WITH_AES_256_CBC_SHA384, TLS_ECDHE_ECDSA_WITH_AES_128_CBC_SHA256, TLS_ECDHE_RSA_WITH_AES_128_CBC_SHA256, TLS_DHE_RSA_WITH_AES_256_CBC_SHA256, TLS_DHE_DSS_WITH_AES_256_CBC_SHA256, TLS_DHE_RSA_WITH_AES_128_CBC_SHA256, TLS_DHE_DSS_WITH_AES_128_CBC_SHA256, TLS_ECDH_ECDSA_WITH_AES_256_GCM_SHA384, TLS_ECDH_RSA_WITH_AES_256_GCM_SHA384, TLS_ECDH_ECDSA_WITH_AES_128_GCM_SHA256, TLS_ECDH_RSA_WITH_AES_128_GCM_SHA256, TLS_ECDH_ECDSA_WITH_AES_256_CBC_SHA384, TLS_ECDH_RSA_WITH_AES_256_CBC_SHA384, TLS_ECDH_ECDSA_WITH_AES_128_CBC_SHA256, TLS_ECDH_RSA_WITH_AES_128_CBC_SHA256, TLS_ECDHE_ECDSA_WITH_AES_256_CBC_SHA, TLS_ECDHE_RSA_WITH_AES_256_CBC_SHA, TLS_ECDHE_ECDSA_WITH_AES_128_CBC_SHA, TLS_ECDHE_RSA_WITH_AES_128_CBC_SHA, TLS_DHE_RSA_WITH_AES_256_CBC_SHA, TLS_DHE_DSS_WITH_AES_256_CBC_SHA, TLS_DHE_RSA_WITH_AES_128_CBC_SHA, TLS_DHE_DSS_WITH_AES_128_CBC_SHA, TLS_ECDH_ECDSA_WITH_AES_256_CBC_SHA, TLS_ECDH_RSA_WITH_AES_256_CBC_SHA, TLS_ECDH_ECDSA_WITH_AES_128_CBC_SHA, TLS_ECDH_RSA_WITH_AES_128_CBC_SHA, TLS_RSA_WITH_AES_256_GCM_SHA384, TLS_RSA_WITH_AES_128_GCM_SHA256, TLS_RSA_WITH_AES_256_CBC_SHA256, TLS_RSA_WITH_AES_128_CBC_SHA256, TLS_RSA_WITH_AES_256_CBC_SHA, TLS_RSA_WITH_AES_128_CBC_SHA, TLS_EMPTY_RENEGOTIATION_INFO_SCSV]
16:00:00.098 [pool-2-thread-1] DEBUG ########## o.a.h.c.s.SSLConnectionSocketFactory - Starting handshake
16:00:00.138 [pool-2-thread-1] DEBUG ########## o.a.h.c.s.SSLConnectionSocketFactory - Secure session established
16:00:00.138 [pool-2-thread-1] DEBUG ########## o.a.h.c.s.SSLConnectionSocketFactory -  negotiated protocol: TLSv1.2
16:00:00.138 [pool-2-thread-1] DEBUG ########## o.a.h.c.s.SSLConnectionSocketFactory -  negotiated cipher suite: TLS_ECDHE_RSA_WITH_AES_256_GCM_SHA384
16:00:00.138 [pool-2-thread-1] DEBUG ########## o.a.h.c.s.SSLConnectionSocketFactory -  peer principal: CN=groupnpay.com
16:00:00.138 [pool-2-thread-1] DEBUG ########## o.a.h.c.s.SSLConnectionSocketFactory -  peer alternative names: [groupnpay.com, www.groupnpay.com]
16:00:00.138 [pool-2-thread-1] DEBUG ########## o.a.h.c.s.SSLConnectionSocketFactory -  issuer principal: CN=R3, O=Let's Encrypt, C=US
16:00:00.139 [pool-2-thread-1] DEBUG ########## o.a.h.i.c.DefaultHttpClientConnectionOperator - Connection established 192.168.2.68:51256<->142.93.221.190:443
16:00:00.139 [pool-2-thread-1] DEBUG ########## o.a.h.impl.execchain.MainClientExec - Executing request POST /vedagram_pd/veda/getDeliveryStatus HTTP/1.1
16:00:00.139 [pool-2-thread-1] DEBUG ########## o.a.h.impl.execchain.MainClientExec - Proxy auth state: UNCHALLENGED
16:00:00.139 [pool-2-thread-1] DEBUG ########## org.apache.http.headers - http-outgoing-3 >> POST /vedagram_pd/veda/getDeliveryStatus HTTP/1.1
16:00:00.139 [pool-2-thread-1] DEBUG ########## org.apache.http.headers - http-outgoing-3 >> Content-Type: application/json
16:00:00.139 [pool-2-thread-1] DEBUG ########## org.apache.http.headers - http-outgoing-3 >> Authorization: Bearer eyJhbGciOiJIUzI1NiJ9.eyJzdWIiOiI0NDI0NjE1MDQ5IiwibW9iaWxlTnVtYmVyIjoiNDQyNDYxNTA0OSIsInVzZXJJRCI6IjVkZjBjZGM3MGE5NzVhMjU0NWYyZDRhZSIsInJvbGUiOiJST0xFX1VTRVIiLCJpYXQiOjE1NzYwNjI2MzV9.eB8uiuyzC5HMthGuHfdCdVbKqusHWNDn_C_JMa_0x8E
16:00:00.139 [pool-2-thread-1] DEBUG ########## org.apache.http.headers - http-outgoing-3 >> Content-Length: 743
16:00:00.139 [pool-2-thread-1] DEBUG ########## org.apache.http.headers - http-outgoing-3 >> Host: groupnpay.com
16:00:00.139 [pool-2-thread-1] DEBUG ########## org.apache.http.headers - http-outgoing-3 >> Connection: Keep-Alive
16:00:00.139 [pool-2-thread-1] DEBUG ########## org.apache.http.headers - http-outgoing-3 >> User-Agent: Apache-HttpClient/4.5.2 (Java/1.8.0_331)
16:00:00.139 [pool-2-thread-1] DEBUG ########## org.apache.http.headers - http-outgoing-3 >> Accept-Encoding: gzip,deflate
16:00:00.139 [pool-2-thread-1] DEBUG ########## org.apache.http.wire - http-outgoing-3 >> "POST /vedagram_pd/veda/getDeliveryStatus HTTP/1.1[\r][\n]"
16:00:00.139 [pool-2-thread-1] DEBUG ########## org.apache.http.wire - http-outgoing-3 >> "Content-Type: application/json[\r][\n]"
16:00:00.139 [pool-2-thread-1] DEBUG ########## org.apache.http.wire - http-outgoing-3 >> "Authorization: Bearer eyJhbGciOiJIUzI1NiJ9.eyJzdWIiOiI0NDI0NjE1MDQ5IiwibW9iaWxlTnVtYmVyIjoiNDQyNDYxNTA0OSIsInVzZXJJRCI6IjVkZjBjZGM3MGE5NzVhMjU0NWYyZDRhZSIsInJvbGUiOiJST0xFX1VTRVIiLCJpYXQiOjE1NzYwNjI2MzV9.eB8uiuyzC5HMthGuHfdCdVbKqusHWNDn_C_JMa_0x8E[\r][\n]"
16:00:00.140 [pool-2-thread-1] DEBUG ########## org.apache.http.wire - http-outgoing-3 >> "Content-Length: 743[\r][\n]"
16:00:00.140 [pool-2-thread-1] DEBUG ########## org.apache.http.wire - http-outgoing-3 >> "Host: groupnpay.com[\r][\n]"
16:00:00.140 [pool-2-thread-1] DEBUG ########## org.apache.http.wire - http-outgoing-3 >> "Connection: Keep-Alive[\r][\n]"
16:00:00.140 [pool-2-thread-1] DEBUG ########## org.apache.http.wire - http-outgoing-3 >> "User-Agent: Apache-HttpClient/4.5.2 (Java/1.8.0_331)[\r][\n]"
16:00:00.140 [pool-2-thread-1] DEBUG ########## org.apache.http.wire - http-outgoing-3 >> "Accept-Encoding: gzip,deflate[\r][\n]"
16:00:00.140 [pool-2-thread-1] DEBUG ########## org.apache.http.wire - http-outgoing-3 >> "[\r][\n]"
16:00:00.140 [pool-2-thread-1] DEBUG ########## org.apache.http.wire - http-outgoing-3 >> "{"requestStatusDtos":[{"awbNumber":"1031671"},{"awbNumber":"1032993"},{"awbNumber":"1032991"},{"awbNumber":"1032990"},{"awbNumber":"1033026"},{"awbNumber":"1031815"},{"awbNumber":"1031817"},{"awbNumber":"1031820"},{"awbNumber":"1031828"},{"awbNumber":"1031824"},{"awbNumber":"1031830"},{"awbNumber":"1031852"},{"awbNumber":"1032984"},{"awbNumber":"1032985"},{"awbNumber":"1032955"},{"awbNumber":"1032982"},{"awbNumber":"1032980"},{"awbNumber":"1032981"},{"awbNumber":"1032987"},{"awbNumber":"1032994"},{"awbNumber":"1032992"},{"awbNumber":"1032998"},{"awbNumber":"1033003"},{"awbNumber":"1033001"},{"awbNumber":"1033002"},{"awbNumber":"1033004"},{"awbNumber":"1033007"},{"awbNumber":"1033006"},{"awbNumber":"1033005"},{"awbNumber":"1033008"}]}"
16:00:00.243 [pool-2-thread-1] DEBUG ########## org.apache.http.wire - http-outgoing-3 << "HTTP/1.1 200 [\r][\n]"
16:00:00.244 [pool-2-thread-1] DEBUG ########## org.apache.http.wire - http-outgoing-3 << "Server: nginx/1.18.0 (Ubuntu)[\r][\n]"
16:00:00.244 [pool-2-thread-1] DEBUG ########## org.apache.http.wire - http-outgoing-3 << "Date: Thu, 27 Jul 2023 10:30:01 GMT[\r][\n]"
16:00:00.244 [pool-2-thread-1] DEBUG ########## org.apache.http.wire - http-outgoing-3 << "Content-Type: application/json;charset=UTF-8[\r][\n]"
16:00:00.244 [pool-2-thread-1] DEBUG ########## org.apache.http.wire - http-outgoing-3 << "Transfer-Encoding: chunked[\r][\n]"
16:00:00.244 [pool-2-thread-1] DEBUG ########## org.apache.http.wire - http-outgoing-3 << "Connection: keep-alive[\r][\n]"
16:00:00.244 [pool-2-thread-1] DEBUG ########## org.apache.http.wire - http-outgoing-3 << "Set-Cookie: JSESSIONID=4F2DAD880F6F7A2B44D3257A710D9629; Path=/vedagram_pd; HttpOnly[\r][\n]"
16:00:00.244 [pool-2-thread-1] DEBUG ########## org.apache.http.wire - http-outgoing-3 << "X-Content-Type-Options: nosniff[\r][\n]"
16:00:00.244 [pool-2-thread-1] DEBUG ########## org.apache.http.wire - http-outgoing-3 << "X-XSS-Protection: 1; mode=block[\r][\n]"
16:00:00.244 [pool-2-thread-1] DEBUG ########## org.apache.http.wire - http-outgoing-3 << "Cache-Control: no-cache, no-store, max-age=0, must-revalidate[\r][\n]"
16:00:00.244 [pool-2-thread-1] DEBUG ########## org.apache.http.wire - http-outgoing-3 << "Pragma: no-cache[\r][\n]"
16:00:00.244 [pool-2-thread-1] DEBUG ########## org.apache.http.wire - http-outgoing-3 << "Expires: 0[\r][\n]"
16:00:00.245 [pool-2-thread-1] DEBUG ########## org.apache.http.wire - http-outgoing-3 << "X-Frame-Options: DENY[\r][\n]"
16:00:00.245 [pool-2-thread-1] DEBUG ########## org.apache.http.wire - http-outgoing-3 << "[\r][\n]"
16:00:00.245 [pool-2-thread-1] DEBUG ########## org.apache.http.wire - http-outgoing-3 << "608[\r][\n]"
16:00:00.245 [pool-2-thread-1] DEBUG ########## org.apache.http.wire - http-outgoing-3 << "{"requestStatusDtos":[{"awbNumber":"1031671","status":"DELIVERED"},{"awbNumber":"1031815","status":"DELIVERED"},{"awbNumber":"1031817","status":"DELIVERED"},{"awbNumber":"1031820","status":"DELIVERED"},{"awbNumber":"1031824","status":"CANCEL"},{"awbNumber":"1031828","status":"DELIVERED"},{"awbNumber":"1031830","status":"DELIVERED"},{"awbNumber":"1031852","status":"DELIVERED"},{"awbNumber":"1031815","status":"OPEN"},{"awbNumber":"1031817","status":"OPEN"},{"awbNumber":"1031820","status":"OPEN"},{"awbNumber":"1031824","status":"OPEN"},{"awbNumber":"1031828","status":"OPEN"},{"awbNumber":"1031830","status":"OPEN"},{"awbNumber":"1032955","status":"OPEN"},{"awbNumber":"1032955","status":"OPEN"},{"awbNumber":"1032992","status":"ASSIGNED"},{"awbNumber":"1032980","status":"OPEN"},{"awbNumber":"1032981","status":"OPEN"},{"awbNumber":"1032982","status":"OPEN"},{"awbNumber":"1032984","status":"OPEN"},{"awbNumber":"1032985","status":"OPEN"},{"awbNumber":"1032987","status":"OPEN"},{"awbNumber":"1032990","status":"OPEN"},{"awbNumber":"1032991","status":"OPEN"},{"awbNumber":"1032993","status":"OPEN"},{"awbNumber":"1032994","status":"OPEN"},{"awbNumber":"1032998","status":"OPEN"},{"awbNumber":"1033001","status":"OPEN"},{"awbNumber":"1033002","status":"OPEN"},{"awbNumber":"1033003","status":"OPEN"},{"awbNumber":"1033004","status":"OPEN"},{"awbNumber":"1033005","status":"OPEN"},{"awbNumber":"1033006","status":"OPEN"},{"awbNumber":"1033007","status":"OPEN"},{"awbNumber":"1033008","status":"OPEN"},{"awbNumber":"1033026","status":"OPEN"}]}[\r][\n]"
16:00:00.245 [pool-2-thread-1] DEBUG ########## org.apache.http.wire - http-outgoing-3 << "0[\r][\n]"
16:00:00.245 [pool-2-thread-1] DEBUG ########## org.apache.http.wire - http-outgoing-3 << "[\r][\n]"
16:00:00.245 [pool-2-thread-1] DEBUG ########## org.apache.http.headers - http-outgoing-3 << HTTP/1.1 200 
16:00:00.245 [pool-2-thread-1] DEBUG ########## org.apache.http.headers - http-outgoing-3 << Server: nginx/1.18.0 (Ubuntu)
16:00:00.246 [pool-2-thread-1] DEBUG ########## org.apache.http.headers - http-outgoing-3 << Date: Thu, 27 Jul 2023 10:30:01 GMT
16:00:00.246 [pool-2-thread-1] DEBUG ########## org.apache.http.headers - http-outgoing-3 << Content-Type: application/json;charset=UTF-8
16:00:00.246 [pool-2-thread-1] DEBUG ########## org.apache.http.headers - http-outgoing-3 << Transfer-Encoding: chunked
16:00:00.246 [pool-2-thread-1] DEBUG ########## org.apache.http.headers - http-outgoing-3 << Connection: keep-alive
16:00:00.246 [pool-2-thread-1] DEBUG ########## org.apache.http.headers - http-outgoing-3 << Set-Cookie: JSESSIONID=4F2DAD880F6F7A2B44D3257A710D9629; Path=/vedagram_pd; HttpOnly
16:00:00.246 [pool-2-thread-1] DEBUG ########## org.apache.http.headers - http-outgoing-3 << X-Content-Type-Options: nosniff
16:00:00.246 [pool-2-thread-1] DEBUG ########## org.apache.http.headers - http-outgoing-3 << X-XSS-Protection: 1; mode=block
16:00:00.246 [pool-2-thread-1] DEBUG ########## org.apache.http.headers - http-outgoing-3 << Cache-Control: no-cache, no-store, max-age=0, must-revalidate
16:00:00.246 [pool-2-thread-1] DEBUG ########## org.apache.http.headers - http-outgoing-3 << Pragma: no-cache
16:00:00.246 [pool-2-thread-1] DEBUG ########## org.apache.http.headers - http-outgoing-3 << Expires: 0
16:00:00.246 [pool-2-thread-1] DEBUG ########## org.apache.http.headers - http-outgoing-3 << X-Frame-Options: DENY
16:00:00.246 [pool-2-thread-1] DEBUG ########## o.a.h.impl.execchain.MainClientExec - Connection can be kept alive indefinitely
16:00:00.246 [pool-2-thread-1] DEBUG ########## o.a.h.c.p.ResponseProcessCookies - Cookie accepted [JSESSIONID="4F2DAD880F6F7A2B44D3257A710D9629", version:0, domain:groupnpay.com, path:/vedagram_pd, expiry:null]
16:00:00.247 [pool-2-thread-1] DEBUG ########## o.a.h.i.c.PoolingHttpClientConnectionManager - Connection [id: 3][route: {s}->https://groupnpay.com:443] can be kept alive indefinitely
16:00:00.247 [pool-2-thread-1] DEBUG ########## o.a.h.i.c.PoolingHttpClientConnectionManager - Connection released: [id: 3][route: {s}->https://groupnpay.com:443][total kept alive: 1; route allocated: 1 of 2; total allocated: 1 of 20]
16:00:00.247 [pool-2-thread-1] DEBUG ########## o.a.h.impl.execchain.MainClientExec - Cancelling request execution
16:00:10.745 [Finalizer] DEBUG ########## o.a.h.i.c.PoolingHttpClientConnectionManager - Connection manager is shutting down
16:00:10.745 [Finalizer] DEBUG ########## o.a.h.i.c.DefaultManagedHttpClientConnection - http-outgoing-3: Close connection
16:00:10.753 [Finalizer] DEBUG ########## o.a.h.i.c.PoolingHttpClientConnectionManager - Connection manager shut down
16:00:10.754 [Finalizer] DEBUG ########## o.a.h.i.c.PoolingHttpClientConnectionManager - Connection manager is shutting down
16:00:10.754 [Finalizer] DEBUG ########## o.a.h.i.c.DefaultManagedHttpClientConnection - http-outgoing-2: Close connection
16:00:10.755 [Finalizer] DEBUG ########## o.a.h.i.c.PoolingHttpClientConnectionManager - Connection manager shut down
16:00:10.756 [Finalizer] DEBUG ########## o.a.h.i.c.PoolingHttpClientConnectionManager - Connection manager is shutting down
16:00:10.756 [Finalizer] DEBUG ########## o.a.h.i.c.DefaultManagedHttpClientConnection - http-outgoing-1: Close connection
16:00:10.757 [Finalizer] DEBUG ########## o.a.h.i.c.PoolingHttpClientConnectionManager - Connection manager shut down
16:00:10.757 [Finalizer] DEBUG ########## o.a.h.i.c.PoolingHttpClientConnectionManager - Connection manager is shutting down
16:00:10.757 [Finalizer] DEBUG ########## o.a.h.i.c.DefaultManagedHttpClientConnection - http-outgoing-0: Close connection
16:00:10.757 [Finalizer] DEBUG ########## o.a.h.i.c.PoolingHttpClientConnectionManager - Connection manager shut down
16:01:15.899 [http-nio-8090-exec-7] DEBUG ########## c.v.config.JwtAuthenticationFilter - External system API -->X-Yelo-Token
16:01:16.115 [http-nio-8090-exec-6] DEBUG ########## c.v.config.JwtAuthenticationFilter - External system API -->X-Yelo-Token
16:01:25.265 [http-nio-8090-exec-8] DEBUG ####com.vedagram.config.PrincipalDetails@2f721dbd###9bb4f2f476fc4e9c8f236c675c488348### c.v.config.JwtAuthenticationFilter - External system API -->X-Yelo-Token
16:01:26.325 [http-nio-8090-exec-10] DEBUG ####com.vedagram.config.PrincipalDetails@27205e0e###740ff35cd8b7497c8fd9e4c057c39fd0### c.v.config.JwtAuthenticationFilter - User ID -->6311c3fefbdafaae0200e1ce,7550107212
16:01:28.333 [http-nio-8090-exec-1] DEBUG ########## c.v.config.JwtAuthenticationFilter - External system API -->X-Yelo-Token
16:04:43.891 [Thread-9] INFO  ########## org.apache.tiles.access.TilesAccess - Removing TilesContext for context: org.springframework.web.servlet.view.tiles3.SpringWildcardServletTilesApplicationContext
