15:42:22.358 [localhost-startStop-1] WARN  ########## o.a.c.c.C.[Tomcat].[localhost].[/] - Cannot deserialize session attribute [SPRING_SECURITY_CONTEXT] for session [6C69B4D088A9EAEDE3F8720C63338C98]
15:42:22.360 [localhost-startStop-1] ERROR ########## o.a.catalina.session.StandardManager - Exception loading sessions from persistent storage
java.io.StreamCorruptedException: invalid type code: 00
	at java.io.ObjectInputStream.readObject0(ObjectInputStream.java:1723)
	at java.io.ObjectInputStream.defaultReadFields(ObjectInputStream.java:2454)
	at java.io.ObjectInputStream.defaultReadObject(ObjectInputStream.java:638)
	at java.lang.Throwable.readObject(Throwable.java:915)
	at sun.reflect.NativeMethodAccessorImpl.invoke0(Native Method)
	at sun.reflect.NativeMethodAccessorImpl.invoke(NativeMethodAccessorImpl.java:62)
	at sun.reflect.DelegatingMethodAccessorImpl.invoke(DelegatingMethodAccessorImpl.java:43)
	at java.lang.reflect.Method.invoke(Method.java:498)
	at java.io.ObjectStreamClass.invokeReadObject(ObjectStreamClass.java:1185)
	at java.io.ObjectInputStream.readSerialData(ObjectInputStream.java:2345)
	at java.io.ObjectInputStream.readOrdinaryObject(ObjectInputStream.java:2236)
	at java.io.ObjectInputStream.readObject0(ObjectInputStream.java:1692)
	at java.io.ObjectInputStream.readObject(ObjectInputStream.java:508)
	at java.io.ObjectInputStream.readObject(ObjectInputStream.java:466)
	at org.apache.catalina.session.StandardSession.doReadObject(StandardSession.java:1589)
	at org.apache.catalina.session.StandardSession.readObjectData(StandardSession.java:1077)
	at org.apache.catalina.session.StandardManager.doLoad(StandardManager.java:217)
	at org.apache.catalina.session.StandardManager.load(StandardManager.java:161)
	at org.apache.catalina.session.StandardManager.startInternal(StandardManager.java:351)
	at org.apache.catalina.util.LifecycleBase.start(LifecycleBase.java:150)
	at org.apache.catalina.core.StandardContext.startInternal(StandardContext.java:5273)
	at org.apache.catalina.util.LifecycleBase.start(LifecycleBase.java:150)
	at org.apache.catalina.core.ContainerBase$StartChild.call(ContainerBase.java:1420)
	at org.apache.catalina.core.ContainerBase$StartChild.call(ContainerBase.java:1410)
	at java.util.concurrent.FutureTask.run(FutureTask.java:266)
	at java.util.concurrent.ThreadPoolExecutor.runWorker(ThreadPoolExecutor.java:1149)
	at java.util.concurrent.ThreadPoolExecutor$Worker.run(ThreadPoolExecutor.java:624)
	at java.lang.Thread.run(Thread.java:750)
16:28:10.392 [localhost-startStop-1] WARN  ########## o.a.c.c.C.[Tomcat].[localhost].[/] - Cannot deserialize session attribute [SPRING_SECURITY_CONTEXT] for session [61F42C1AAF68DE1A0311BED10DC51DEA]
